zdarov suka
working in: linux
module:a.out
module:linux-vdso.so.1
module:libstdc++.so.6.0.27
module:libm-2.30.so
module:libgcc_s.so.1
module:libc-2.30.so
module:ld-2.30.so
module:libpthread-2.30.so
module:frida-agent-64.so
module:libresolv-2.30.so
module:libdl-2.30.so
module:librt-2.30.so
export:_ZSt4cout
export:_ZSt4cerr
symbol:
symbol:
symbol:
symbol:
symbol:
symbol:
symbol:
symbol:
symbol:
symbol:
symbol:
symbol:
symbol:
symbol:
symbol:
symbol:
symbol:
symbol:
symbol:
symbol:
symbol:
symbol:
symbol:
symbol:
symbol:
symbol:
symbol:
symbol:
symbol:
symbol:
symbol:
symbol:
symbol:
symbol:init.c
symbol:crtstuff.c
symbol:deregister_tm_clones
symbol:register_tm_clones
symbol:__do_global_dtors_aux
symbol:completed.7392
symbol:__do_global_dtors_aux_fini_array_entry
symbol:frame_dummy
symbol:__frame_dummy_init_array_entry
symbol:mane.cxx
symbol:_ZStL8__ioinit
symbol:_ZN9__gnu_cxxL21__default_lock_policyE
symbol:_ZN6__pstl9execution2v1L3seqE
symbol:_ZN6__pstl9execution2v1L3parE
symbol:_ZN6__pstl9execution2v1L9par_unseqE
symbol:_ZN6__pstl9execution2v1L5unseqE
symbol:_Z41__static_initialization_and_destruction_0ii
symbol:_GLOBAL__sub_I__ZlsRSoSt6vectorIcSaIcEE
symbol:crtstuff.c
symbol:__FRAME_END__
symbol:
symbol:__GNU_EH_FRAME_HDR
symbol:_init
symbol:_DYNAMIC
symbol:__init_array_end
symbol:__init_array_start
symbol:_GLOBAL_OFFSET_TABLE_
symbol:_ZNSt5tupleIJ8LocationNSt10filesystem7__cxx114pathES3_EEC1IJS0_S3_S3_ELb1EEEDpOT_
symbol:_ZNSt6vectorIcSaIcEE5beginEv
symbol:_Z7get_memNSt10filesystem7__cxx114pathE
symbol:_ZSt3getILm1EJPNSt10filesystem7__cxx114path5_List5_ImplENS3_13_Impl_deleterEEERNSt13tuple_elementIXT_ESt5tupleIJDpT0_EEE4typeERSB_
symbol:_ZNSt10unique_ptrINSt10filesystem7__cxx114path5_List5_ImplENS3_13_Impl_deleterEED1Ev
symbol:_ZNSt13basic_fstreamIcSt11char_traitsIcEEC1INSt10filesystem7__cxx114pathES6_EERKT_St13_Ios_Openmode
symbol:_ZNSt10filesystem7__cxx114path5_ListC1EOS2_
symbol:_ZNK9__gnu_cxx17__normal_iteratorIPcSt6vectorIcSaIcEEEdeEv
symbol:_ZSt3getILm2EJ8LocationNSt10filesystem7__cxx114pathES3_EEONSt13tuple_elementIXT_ESt5tupleIJDpT0_EEE4typeEOS8_
symbol:_ZNSt10_Head_baseILm0E8LocationLb0EEC1IS0_EEOT_
symbol:_ZNSt11_Tuple_implILm2EJNSt10filesystem7__cxx114pathEEED1Ev
symbol:_ZSt12__get_helperILm2ENSt10filesystem7__cxx114pathEJEERT0_RSt11_Tuple_implIXT_EJS3_DpT1_EE
symbol:_ZNSaIcED2Ev@@GLIBCXX_3.4
symbol:_ZNSt10filesystem7__cxx114path5_ListC2EOS2_
symbol:_ZSt10__fill_n_aImcEN9__gnu_cxx11__enable_ifIXsrSt9__is_byteIT0_E7__valueEPS3_E6__typeES5_T_RKS3_
symbol:_ZNKSt6vectorIcSaIcEE4sizeEv
symbol:_ZNSt11_Tuple_implILm0EJ8LocationNSt10filesystem7__cxx114pathES3_EEC2IS0_JS3_S3_EvEEOT_DpOT0_
symbol:_ZSt18uninitialized_copyIN9__gnu_cxx17__normal_iteratorIPKcSt6vectorIcSaIcEEEEPcET0_T_SA_S9_
symbol:_ZNKSt10filesystem7__cxx114path5c_strEv
symbol:_ZNSt13basic_fstreamIcSt11char_traitsIcEED1Ev@@GLIBCXX_3.4
symbol:_ZNSt12_Vector_baseIcSaIcEE12_Vector_implC2ERKS0_
symbol:_ZNSt10filesystem7__cxx114pathdVERKS1_@@GLIBCXX_3.4.26
symbol:_edata
symbol:_ZN9__gnu_cxx13new_allocatorIcE8allocateEmPKv
symbol:_ZNKSt10filesystem7__cxx114path5_List13_Impl_deleterclEPNS2_5_ImplE@@GLIBCXX_3.4.26
symbol:_ZNSt10filesystem7__cxx114path5_ListC1Ev@@GLIBCXX_3.4.26
symbol:_ZNSt11_Tuple_implILm1EJNSt10filesystem7__cxx114path5_List13_Impl_deleterEEE7_M_headERS5_
symbol:_ZSt8_DestroyIPcEvT_S1_
symbol:_ZNSt12_Destroy_auxILb1EE9__destroyIPcEEvT_S3_
symbol:_ZSt7forwardIO8LocationEOT_RNSt16remove_referenceIS2_E4typeE
symbol:_ZNSt12_Vector_baseIcSaIcEEC1EmRKS0_
symbol:_ZSt7forwardI8LocationEOT_RNSt16remove_referenceIS1_E4typeE
symbol:_ZNSt11_Tuple_implILm1EJNSt10filesystem7__cxx114pathES2_EEC1IS2_JS2_EvEEOT_DpOT0_
symbol:data_start
symbol:_IO_stdin_used
symbol:_ZNSt10filesystem7__cxx114pathC2IA10_cS1_EERKT_NS1_6formatE
symbol:_ZNSt6vectorIcSaIcEE3endEv
symbol:_ZSt17__throw_bad_allocv@@GLIBCXX_3.4
symbol:_ZNSt12_Vector_baseIcSaIcEEC1Ev
symbol:_ZNSt12_Vector_baseIcSaIcEE13_M_deallocateEPcm
symbol:_ZNSt11_Tuple_implILm2EJNSt10filesystem7__cxx114pathEEEC1IS2_EEOT_
symbol:_ZNSt7__cxx1112basic_stringIcSt11char_traitsIcESaIcEE12__sv_wrapperC1ESt17basic_string_viewIcS2_E@@GLIBCXX_3.4.26
symbol:_ZN3ELFI10Elf64_Ehdr10Elf64_Phdr10Elf64_ShdrEC1EPv
symbol:_ZSt7forwardINSt10filesystem7__cxx114pathEEOT_RNSt16remove_referenceIS3_E4typeE
symbol:_ZNSt11_Tuple_implILm2EJNSt10filesystem7__cxx114pathEEED2Ev
symbol:_ZN3ELFI10Elf64_Ehdr10Elf64_Phdr10Elf64_ShdrEC2EPv
symbol:_ZNSt11_Tuple_implILm0EJPNSt10filesystem7__cxx114path5_List5_ImplENS3_13_Impl_deleterEEE7_M_headERKS7_
symbol:_ZNSt12_Vector_baseIcSaIcEEC2EmRKS0_
symbol:_ZNKSt7__cxx1112basic_stringIcSt11char_traitsIcESaIcEE5c_strEv@@GLIBCXX_3.4.21
symbol:_ZNSt15__uniq_ptr_implINSt10filesystem7__cxx114path5_List5_ImplENS3_13_Impl_deleterEE10_M_deleterEv
symbol:_ZNSt6vectorIcSaIcEED1Ev
symbol:__cxa_finalize@@GLIBC_2.2.5
symbol:_ZNSt7__cxx1112basic_stringIcSt11char_traitsIcESaIcEEC1ERKS4_@@GLIBCXX_3.4.21
symbol:_ZNKSt12_Vector_baseIcSaIcEE19_M_get_Tp_allocatorEv
symbol:_ZNSt11_Tuple_implILm1EJNSt10filesystem7__cxx114path5_List13_Impl_deleterEEEC1IS4_EEOT_
symbol:_ZNSt10filesystem7__cxx11dvERKNS0_4pathES3_
symbol:_ZNSt12_Vector_baseIcSaIcEE17_Vector_impl_dataC1Ev
symbol:_ZSt3getILm0EJPNSt10filesystem7__cxx114path5_List5_ImplENS3_13_Impl_deleterEEERNSt13tuple_elementIXT_ESt5tupleIJDpT0_EEE4typeERSB_
symbol:_ZSt15__alloc_on_swapISaIcEEvRT_S2_
symbol:_ZNSt10unique_ptrINSt10filesystem7__cxx114path5_List5_ImplENS3_13_Impl_deleterEED2Ev
symbol:_ZN9__gnu_cxxneIPcSt6vectorIcSaIcEEEEbRKNS_17__normal_iteratorIT_T0_EESA_
symbol:_ZSt12__niter_baseIPcET_S1_
symbol:main
symbol:_ZSt4endlIcSt11char_traitsIcEERSt13basic_ostreamIT_T0_ES6_@@GLIBCXX_3.4
symbol:_ZNSt10_Head_baseILm2ENSt10filesystem7__cxx114pathELb0EE7_M_headERS3_
symbol:_ZN9__gnu_cxx14__alloc_traitsISaIcEcE17_S_select_on_copyERKS1_
symbol:_ZSt12__get_helperILm0EPNSt10filesystem7__cxx114path5_List5_ImplEJNS3_13_Impl_deleterEEERKT0_RKSt11_Tuple_implIXT_EJS7_DpT1_EE
symbol:_ZNSt7__cxx1112basic_stringIcSt11char_traitsIcESaIcEEC1ISt17basic_string_viewIcS2_EvEERKT_RKS3_
symbol:_ZNSt15__uniq_ptr_implINSt10filesystem7__cxx114path5_List5_ImplENS3_13_Impl_deleterEE6_M_ptrEv
symbol:_ZNSt10_Head_baseILm2ENSt10filesystem7__cxx114pathELb0EEC2IS2_EEOT_
symbol:_ZSt7forwardIRPNSt10filesystem7__cxx114path5_List5_ImplEEOT_RNSt16remove_referenceIS7_E4typeE
symbol:_ZSt18__do_alloc_on_swapISaIcEEvRT_S2_St17integral_constantIbLb0EE
symbol:_ZSt20__throw_length_errorPKc@@GLIBCXX_3.4
symbol:_ZNSt10_Head_baseILm1ENSt10filesystem7__cxx114path5_List13_Impl_deleterELb1EE7_M_headERS5_
symbol:_ZNSt15__uniq_ptr_implINSt10filesystem7__cxx114path5_List5_ImplENS3_13_Impl_deleterEEC1IS5_EEPS4_OT_
symbol:memset@@GLIBC_2.2.5
symbol:__dso_handle
symbol:_ZNSaIcEC1ERKS_@@GLIBCXX_3.4
symbol:_ZNSt12_Vector_baseIcSaIcEE12_Vector_implC1Ev
symbol:_ZNSt10filesystem7__cxx114path5_ListD1Ev
symbol:_ZNSt10filesystem7__cxx114path14_S_range_beginIPKcEET_S5_
symbol:_ZNSt7__cxx1112basic_stringIcSt11char_traitsIcESaIcEEC1EOS4_@@GLIBCXX_3.4.21
symbol:_ZNSt7__cxx1112basic_stringIcSt11char_traitsIcESaIcEED1Ev@@GLIBCXX_3.4.21
symbol:_ZNKSt6vectorIcSaIcEE5beginEv
symbol:_ZNSt5tupleIJ8LocationNSt10filesystem7__cxx114pathES3_EEC2IJS0_S3_S3_ELb1EEEDpOT_
symbol:_ZNSt12_Vector_baseIcSaIcEE12_Vector_implD2Ev
symbol:_ZNSt10unique_ptrINSt10filesystem7__cxx114path5_List5_ImplENS3_13_Impl_deleterEEC2EOS6_
symbol:_ZNSt10filesystem7__cxx114pathC1IA4_cS1_EERKT_NS1_6formatE
symbol:DW.ref.__gxx_personality_v0
symbol:_ZSt3getILm0EJ8LocationNSt10filesystem7__cxx114pathES3_EEONSt13tuple_elementIXT_ESt5tupleIJDpT0_EEE4typeEOS8_
symbol:_ZSt25__uninitialized_default_nIPcmET_S1_T0_
symbol:_ZSt12__niter_baseIPKcSt6vectorIcSaIcEEET_N9__gnu_cxx17__normal_iteratorIS5_T0_EE
symbol:_ZNSt7__cxx1118basic_stringstreamIcSt11char_traitsIcESaIcEEC1Ev@@GLIBCXX_3.4.26
symbol:_ZNSt6vectorIcSaIcEEC2EmRKS0_
symbol:_fini
symbol:_ZNSt10filesystem7__cxx114pathC2IA6_cS1_EERKT_NS1_6formatE
symbol:open@@GLIBC_2.2.5
symbol:_ZN9__gnu_cxx11char_traitsIcE2eqERKcS3_
symbol:_ZSt3minImERKT_S2_S2_
symbol:_ZNSt7__cxx1118basic_stringstreamIcSt11char_traitsIcESaIcEED1Ev@@GLIBCXX_3.4.21
symbol:_ZNSt10filesystem7__cxx114pathC1IA6_cS1_EERKT_NS1_6formatE
symbol:_ZSt13__copy_move_aILb0EPKcPcET1_T0_S4_S3_
symbol:_ZNSt12_Vector_baseIcSaIcEED1Ev
symbol:_ZNSt11_Tuple_implILm0EJ8LocationNSt10filesystem7__cxx114pathES3_EED1Ev
symbol:_ZNSt6vectorIcSaIcEED2Ev
symbol:_ZNSt10filesystem7__cxx114pathC2ERKS1_
symbol:_ZNSt10filesystem7__cxx114path14_M_split_cmptsEv@@GLIBCXX_3.4.26
symbol:_ZNSt6vectorIcSaIcEEC2Ev
symbol:_ZNSt27__uninitialized_default_n_1ILb1EE18__uninit_default_nIPcmEET_S3_T0_
symbol:_ZNK9__gnu_cxx17__normal_iteratorIPcSt6vectorIcSaIcEEE4baseEv
symbol:_ZNSt12_Vector_baseIcSaIcEE17_M_create_storageEm
symbol:_ZN3ELFI10Elf64_Ehdr10Elf64_Phdr10Elf64_ShdrE9get_entryEv
symbol:_ZNSt10_Head_baseILm1ENSt10filesystem7__cxx114path5_List13_Impl_deleterELb1EEC1IS4_EEOT_
symbol:_ZNK9__gnu_cxx13new_allocatorIcE8max_sizeEv
symbol:system@@GLIBC_2.2.5
symbol:_ZNSt7__cxx1112basic_stringIcSt11char_traitsIcESaIcEEC2ISt17basic_string_viewIcS2_EvEERKT_RKS3_
symbol:__cxa_atexit@@GLIBC_2.2.5
symbol:_ZStlsIcSt11char_traitsIcESaIcEERSt13basic_ostreamIT_T0_ES7_RKNSt7__cxx1112basic_stringIS4_S5_T1_EE@@GLIBCXX_3.4.21
symbol:_ZSt12__miter_baseIN9__gnu_cxx17__normal_iteratorIPKcSt6vectorIcSaIcEEEEET_S8_
symbol:_ZNSt10filesystem7__cxx114pathC1EOS1_
symbol:_ZNSt10_Head_baseILm1ENSt10filesystem7__cxx114pathELb0EEC2IS2_EEOT_
symbol:_ZNSt11_Tuple_implILm2EJNSt10filesystem7__cxx114pathEEEC2IS2_EEOT_
symbol:_Z10parse_argsB5cxx11v
symbol:_ZdlPv@@GLIBCXX_3.4
symbol:_ZSt8__fill_aIcEN9__gnu_cxx11__enable_ifIXsrSt9__is_byteIT_E7__valueEvE6__typeEPS3_S7_RKS3_
symbol:_ZNSt12_Vector_baseIcSaIcEE17_Vector_impl_data12_M_swap_dataERS2_
symbol:_ZSt4moveIRNSt7__cxx1112basic_stringIcSt11char_traitsIcESaIcEEEEONSt16remove_referenceIT_E4typeEOS8_
symbol:_ZSt4swapIcSaIcEEvRSt6vectorIT_T0_ES5_
symbol:_ZSt12__niter_wrapIPcET_RKS1_S1_
symbol:_start
symbol:_ZNKSt7__cxx1118basic_stringstreamIcSt11char_traitsIcESaIcEE3strEv@@GLIBCXX_3.4.21
symbol:_ZSt12__get_helperILm0EPNSt10filesystem7__cxx114path5_List5_ImplEJNS3_13_Impl_deleterEEERT0_RSt11_Tuple_implIXT_EJS7_DpT1_EE
symbol:_ZNSt6vectorIcSaIcEE11_S_max_sizeERKS0_
symbol:_ZNSt10filesystem7__cxx114pathD2Ev
symbol:_ZStlsISt11char_traitsIcEERSt13basic_ostreamIcT_ES5_PKc@@GLIBCXX_3.4
symbol:_Znwm@@GLIBCXX_3.4
symbol:_ZN3ELFI10Elf64_Ehdr10Elf64_Phdr10Elf64_ShdrE6insertEPvRSt6vectorIcSaIcEERSt13basic_fstreamIcSt11char_traitsIcEE
symbol:_ZrsRSiSt6vectorIcSaIcEE
symbol:_ZNSt6vectorIcSaIcEEC1ERKS1_
symbol:_ZNSolsEPFRSoS_E@@GLIBCXX_3.4
symbol:_ZNSt11_Tuple_implILm1EJNSt10filesystem7__cxx114pathES2_EE7_M_headERS3_
symbol:_ZNKSt6vectorIcSaIcEE3endEv
symbol:_ZSt4moveIRPNSt10filesystem7__cxx114path5_List5_ImplEEONSt16remove_referenceIT_E4typeEOS8_
symbol:_ZNSt16allocator_traitsISaIcEE8max_sizeERKS0_
symbol:_ZN9__gnu_cxx11char_traitsIcE6lengthEPKc
symbol:_ZN9__gnu_cxx14__alloc_traitsISaIcEcE10_S_on_swapERS1_S3_
symbol:_ZNSaIcED1Ev@@GLIBCXX_3.4
symbol:_ZN9__gnu_cxx17__normal_iteratorIPcSt6vectorIcSaIcEEEC1ERKS1_
symbol:_ZNSt12_Vector_baseIcSaIcEE19_M_get_Tp_allocatorEv
symbol:_ZNSt4fposI11__mbstate_tEC2El
symbol:_ZNSt10filesystem7__cxx114pathC1ERKS1_
symbol:__TMC_END__
symbol:_ZNSt5tupleIJ8LocationNSt10filesystem7__cxx114pathES3_EED1Ev
symbol:_ZSt3getILm1EJ8LocationNSt10filesystem7__cxx114pathES3_EEONSt13tuple_elementIXT_ESt5tupleIJDpT0_EEE4typeEOS8_
symbol:_ZNSt11_Tuple_implILm0EJ8LocationNSt10filesystem7__cxx114pathES3_EED2Ev
symbol:_ZStlsISt11char_traitsIcEERSt13basic_ostreamIcT_ES5_c@@GLIBCXX_3.4
symbol:_ZNSt10_Head_baseILm1ENSt10filesystem7__cxx114pathELb0EED2Ev
symbol:_ZNSt11_Tuple_implILm0EJPNSt10filesystem7__cxx114path5_List5_ImplENS3_13_Impl_deleterEEE7_M_headERS7_
symbol:_ZNSt10_Head_baseILm2ENSt10filesystem7__cxx114pathELb0EED1Ev
symbol:_ZNSt16allocator_traitsISaIcEE10deallocateERS0_Pcm
symbol:exit@@GLIBC_2.2.5
symbol:_ZSt12__get_helperILm1ENSt10filesystem7__cxx114pathEJS2_EERT0_RSt11_Tuple_implIXT_EJS3_DpT1_EE
symbol:_ZNSt11_Tuple_implILm1EJNSt10filesystem7__cxx114pathES2_EEC2IS2_JS2_EvEEOT_DpOT0_
symbol:_ZNSt10_Head_baseILm1ENSt10filesystem7__cxx114path5_List13_Impl_deleterELb1EEC2IS4_EEOT_
symbol:_ZNSt10unique_ptrINSt10filesystem7__cxx114path5_List5_ImplENS3_13_Impl_deleterEE11get_deleterEv
symbol:_ZNSt10filesystem7__cxx114path5_ListD2Ev
symbol:_ZSt3getILm0EJ8LocationNSt10filesystem7__cxx114pathES3_EERNSt13tuple_elementIXT_ESt5tupleIJDpT0_EEE4typeERS8_
symbol:_ZSt3getILm2EJ8LocationNSt10filesystem7__cxx114pathES3_EERNSt13tuple_elementIXT_ESt5tupleIJDpT0_EEE4typeERS8_
symbol:_ZSt7forwardIONSt10filesystem7__cxx114pathEEOT_RNSt16remove_referenceIS4_E4typeE
symbol:_ZNKSt9basic_iosIcSt11char_traitsIcEEcvbEv@@GLIBCXX_3.4.21
symbol:_ZNSt11_Tuple_implILm0EJPNSt10filesystem7__cxx114path5_List5_ImplENS3_13_Impl_deleterEEEC1IRS5_JS6_EvEEOT_DpOT0_
symbol:_ZNSt17basic_string_viewIcSt11char_traitsIcEEC2EPKc
symbol:_ZNSi5seekgESt4fposI11__mbstate_tE@@GLIBCXX_3.4
symbol:_ZSt4cout@@GLIBCXX_3.4
symbol:_ZNSt10unique_ptrINSt10filesystem7__cxx114path5_List5_ImplENS3_13_Impl_deleterEEC1EOS6_
symbol:_ZNSt11_Tuple_implILm1EJNSt10filesystem7__cxx114pathES2_EED1Ev
symbol:_ZNSt12_Vector_baseIcSaIcEE12_Vector_implD1Ev
symbol:_ZNSt7__cxx1112basic_stringIcSt11char_traitsIcESaIcEE5clearEv@@GLIBCXX_3.4.21
symbol:_ZNSt16allocator_traitsISaIcEE8allocateERS0_m
symbol:_ZStrsIcSt11char_traitsIcEERSt13basic_istreamIT_T0_ES6_RS3_@@GLIBCXX_3.4
symbol:_ZNSt10_Head_baseILm0E8LocationLb0EE7_M_headERS1_
symbol:_ZNSt6vectorIcSaIcEE4swapERS1_
symbol:_ZNSt10filesystem9file_sizeERKNS_7__cxx114pathE@@GLIBCXX_3.4.26
symbol:_ZNSt13basic_fstreamIcSt11char_traitsIcEEC1EPKcSt13_Ios_Openmode@@GLIBCXX_3.4
symbol:_ZlsRSoSt6vectorIcSaIcEE
symbol:_ZNSt20__uninitialized_copyILb1EE13__uninit_copyIN9__gnu_cxx17__normal_iteratorIPKcSt6vectorIcSaIcEEEEPcEET0_T_SC_SB_
symbol:__stack_chk_fail@@GLIBC_2.4
symbol:_ZNSt17basic_string_viewIcSt11char_traitsIcEEC1EPKc
symbol:_ZSt12__get_helperILm1ENSt10filesystem7__cxx114path5_List13_Impl_deleterEJEERT0_RSt11_Tuple_implIXT_EJS5_DpT1_EE
symbol:_ZNSt6vectorIcSaIcEEC2ERKS1_
symbol:_ZNSt11_Tuple_implILm2EJNSt10filesystem7__cxx114pathEEE7_M_headERS3_
symbol:__data_start
symbol:_ZNSt10unique_ptrINSt10filesystem7__cxx114path5_List5_ImplENS3_13_Impl_deleterEE7releaseEv
symbol:_ZNSt10_Head_baseILm0EPNSt10filesystem7__cxx114path5_List5_ImplELb0EEC2IRS5_EEOT_
symbol:_end
symbol:_ZSt6fill_nIPcmcET_S1_T0_RKT1_
symbol:_ZSt3getILm1EJ8LocationNSt10filesystem7__cxx114pathES3_EERNSt13tuple_elementIXT_ESt5tupleIJDpT0_EEE4typeERS8_
symbol:_ZNSt6vectorIcSaIcEE17_S_check_init_lenEmRKS0_
symbol:_ZNSt10_Head_baseILm2ENSt10filesystem7__cxx114pathELb0EEC1IS2_EEOT_
symbol:_ZNSt10_Head_baseILm0EPNSt10filesystem7__cxx114path5_List5_ImplELb0EE7_M_headERS6_
symbol:_Z11insert_codePvRSt6vectorIcSaIcEERSt13basic_fstreamIcSt11char_traitsIcEES_8ExecType
symbol:_ZNSt5tupleIJPNSt10filesystem7__cxx114path5_List5_ImplENS3_13_Impl_deleterEEEC2IRS5_S6_Lb1EEEOT_OT0_
symbol:_ZNSt11_Tuple_implILm0EJ8LocationNSt10filesystem7__cxx114pathES3_EE7_M_headERS4_
symbol:_ZNSt12_Vector_baseIcSaIcEE17_Vector_impl_data12_M_copy_dataERKS2_
symbol:_ZNSaIcEC2ERKS_@@GLIBCXX_3.4
symbol:_ZNSt7__cxx1112basic_stringIcSt11char_traitsIcESaIcEE17_S_to_string_viewESt17basic_string_viewIcS2_E@@GLIBCXX_3.4.26
symbol:_ZNSt11_Tuple_implILm1EJNSt10filesystem7__cxx114path5_List13_Impl_deleterEEEC2IS4_EEOT_
symbol:_ZSt14__copy_move_a2ILb0EN9__gnu_cxx17__normal_iteratorIPKcSt6vectorIcSaIcEEEEPcET1_T0_SA_S9_
symbol:_ZNSt10_Head_baseILm0EPNSt10filesystem7__cxx114path5_List5_ImplELb0EEC1IRS5_EEOT_
symbol:_ZNKSt15__uniq_ptr_implINSt10filesystem7__cxx114path5_List5_ImplENS3_13_Impl_deleterEE6_M_ptrEv
symbol:__bss_start
symbol:_ZNSt12_Vector_baseIcSaIcEE11_M_allocateEm
symbol:_ZNSt5tupleIJ8LocationNSt10filesystem7__cxx114pathES3_EED2Ev
symbol:_ZNSt10_Head_baseILm0E8LocationLb0EEC2IS0_EEOT_
symbol:_ZNSt8ios_base4InitC1Ev@@GLIBCXX_3.4
symbol:_ZN9__gnu_cxx13new_allocatorIcE10deallocateEPcm
symbol:_ZN9__gnu_cxx17__normal_iteratorIPKcSt6vectorIcSaIcEEEC1ERKS2_
symbol:__libc_csu_init
symbol:_ZN9__gnu_cxx17__normal_iteratorIPKcSt6vectorIcSaIcEEEC2ERKS2_
symbol:_ZNSt11__copy_moveILb0ELb1ESt26random_access_iterator_tagE8__copy_mIcEEPT_PKS3_S6_S4_
symbol:_ZNSt10_Head_baseILm2ENSt10filesystem7__cxx114pathELb0EED2Ev
symbol:_ZNSt6vectorIcSaIcEEC1Ev
symbol:_ZSt22__uninitialized_copy_aIN9__gnu_cxx17__normal_iteratorIPKcSt6vectorIcSaIcEEEEPccET0_T_SA_S9_RSaIT1_E
symbol:_ZNSt12_Vector_baseIcSaIcEE12_Vector_implC2Ev
symbol:_Z12get_locationI3ELFI10Elf64_Ehdr10Elf64_Phdr10Elf64_ShdrEEPv8LocationT_
symbol:memmove@@GLIBC_2.2.5
symbol:_ZNSaIcEC2Ev@@GLIBCXX_3.4
symbol:_ZNSt11_Tuple_implILm1EJNSt10filesystem7__cxx114pathES2_EED2Ev
symbol:__gxx_personality_v0@@CXXABI_1.3
symbol:_ZNSt6vectorIcSaIcEE21_M_default_initializeEm
symbol:_ZNSt10filesystem7__cxx114pathC1IA10_cS1_EERKT_NS1_6formatE
symbol:_ZNSolsEt@@GLIBCXX_3.4
symbol:_ZNKSt10unique_ptrINSt10filesystem7__cxx114path5_List5_ImplENS3_13_Impl_deleterEE3getEv
symbol:_ZNSt12_Vector_baseIcSaIcEEC2Ev
symbol:_ZN9__gnu_cxx17__normal_iteratorIPcSt6vectorIcSaIcEEEppEv
symbol:_ZNSt4fposI11__mbstate_tEC1El
symbol:_ZNSt5tupleIJPNSt10filesystem7__cxx114path5_List5_ImplENS3_13_Impl_deleterEEEC1IRS5_S6_Lb1EEEOT_OT0_
symbol:_ZNSt10filesystem7__cxx114path12_S_range_endIPKcEENS1_17__null_terminatedET_
symbol:_ZNSt12_Vector_baseIcSaIcEE12_Vector_implC1ERKS0_
symbol:_ZNSt10_Head_baseILm1ENSt10filesystem7__cxx114pathELb0EE7_M_headERS3_
symbol:_ITM_deregisterTMCloneTable
symbol:_ZN9__gnu_cxx17__normal_iteratorIPcSt6vectorIcSaIcEEEC2ERKS1_
symbol:_ZNSt10_Head_baseILm1ENSt10filesystem7__cxx114pathELb0EEC1IS2_EEOT_
symbol:_Unwind_Resume@@GCC_3.0
symbol:_ZNSt10filesystem7__cxx114path5clearEv
symbol:_ZNSaIcEC1Ev@@GLIBCXX_3.4
symbol:_ZNSt10filesystem7__cxx114pathC2EOS1_
symbol:mmap@@GLIBC_2.2.5
symbol:_ZNSt12_Vector_baseIcSaIcEE17_Vector_impl_dataC2Ev
symbol:_ZSt27__uninitialized_default_n_aIPcmcET_S1_T0_RSaIT1_E
symbol:_ZSt7forwardINSt10filesystem7__cxx114path5_List13_Impl_deleterEEOT_RNSt16remove_referenceIS5_E4typeE
symbol:__libc_csu_fini
symbol:_ZStorSt13_Ios_OpenmodeS_
symbol:_ZNSt10filesystem7__cxx114pathD1Ev
symbol:_ZNSt10filesystem7__cxx114pathC2IA4_cS1_EERKT_NS1_6formatE
symbol:_ZNSt11_Tuple_implILm0EJPNSt10filesystem7__cxx114path5_List5_ImplENS3_13_Impl_deleterEEEC2IRS5_JS6_EvEEOT_DpOT0_
symbol:__libc_start_main@@GLIBC_2.2.5
symbol:_ZSt8_DestroyIPccEvT_S1_RSaIT0_E
symbol:_Z7opcodesIPvSt13basic_fstreamIcSt11char_traitsIcEEEvT_RSt6vectorIcSaIcEERT0_
symbol:_ZNSt11char_traitsIcE6lengthEPKc
symbol:_ZNSt10_Head_baseILm1ENSt10filesystem7__cxx114pathELb0EED1Ev
symbol:_ZNK9__gnu_cxx17__normal_iteratorIPKcSt6vectorIcSaIcEEE4baseEv
symbol:_ZNSt6vectorIcSaIcEEC1EmRKS0_
symbol:_ZNSt12_Vector_baseIcSaIcEED2Ev
symbol:__gmon_start__
symbol:_ZSt4moveIRNSt10filesystem7__cxx114path5_ListEEONSt16remove_referenceIT_E4typeEOS6_
symbol:_ZNSt7__cxx1112basic_stringIcSt11char_traitsIcESaIcEEC1ENS4_12__sv_wrapperERKS3_@@GLIBCXX_3.4.26
symbol:_ITM_registerTMCloneTable
symbol:_ZNSt15__uniq_ptr_implINSt10filesystem7__cxx114path5_List5_ImplENS3_13_Impl_deleterEEC2IS5_EEPS4_OT_
symbol:_ZNSt10filesystem7__cxx114path10_S_convertEPKcNS1_17__null_terminatedE
symbol:_ZSt4cerr@@GLIBCXX_3.4
symbol:_ZNSt16allocator_traitsISaIcEE37select_on_container_copy_constructionERKS0_
symbol:_ZNSt10filesystem7__cxx114path5_ListC1ERKS2_@@GLIBCXX_3.4.26
symbol:close@@GLIBC_2.2.5
symbol:_ZSt4copyIN9__gnu_cxx17__normal_iteratorIPKcSt6vectorIcSaIcEEEEPcET0_T_SA_S9_
symbol:_ZNSt10_Head_baseILm0EPNSt10filesystem7__cxx114path5_List5_ImplELb0EE7_M_headERKS6_
symbol:_ZSt3getILm0EJPNSt10filesystem7__cxx114path5_List5_ImplENS3_13_Impl_deleterEEERKNSt13tuple_elementIXT_ESt5tupleIJDpT0_EEE4typeERKSB_
symbol:_ZNSt8ios_base4InitD1Ev@@GLIBCXX_3.4
symbol:_ZSt12__get_helperILm0E8LocationJNSt10filesystem7__cxx114pathES3_EERT0_RSt11_Tuple_implIXT_EJS4_DpT1_EE
symbol:_ZNSt11_Tuple_implILm0EJ8LocationNSt10filesystem7__cxx114pathES3_EEC1IS0_JS3_S3_EvEEOT_DpOT0_
zdarov suka
working in: linux
module:a.out
module:linux-vdso.so.1
module:libstdc++.so.6.0.27
module:libm-2.30.so
module:libgcc_s.so.1
module:libc-2.30.so
module:ld-2.30.so
module:libpthread-2.30.so
module:frida-agent-64.so
module:libresolv-2.30.so
module:libdl-2.30.so
module:librt-2.30.so
export:_ZSt4cout
export:_ZSt4cerr
import:_ZNSaIcED2Ev
import:_ZNSt13basic_fstreamIcSt11char_traitsIcEED1Ev
import:_ZNSt10filesystem7__cxx114pathdVERKS1_
import:_ZNKSt10filesystem7__cxx114path5_List13_Impl_deleterclEPNS2_5_ImplE
import:_ZNSt10filesystem7__cxx114path5_ListC1Ev
import:_ZSt17__throw_bad_allocv
import:_ZNKSt7__cxx1112basic_stringIcSt11char_traitsIcESaIcEE5c_strEv
import:_ZNSt7__cxx1112basic_stringIcSt11char_traitsIcESaIcEE12__sv_wrapperC1ESt17basic_string_viewIcS2_E
import:__cxa_finalize
import:_ZNSt7__cxx1112basic_stringIcSt11char_traitsIcESaIcEEC1ERKS4_
import:_ZSt4endlIcSt11char_traitsIcEERSt13basic_ostreamIT_T0_ES6_
import:memset
import:_ZSt20__throw_length_errorPKc
import:_ZNSaIcEC1ERKS_
import:_ZNSt7__cxx1112basic_stringIcSt11char_traitsIcESaIcEEC1EOS4_
import:_ZNSt7__cxx1112basic_stringIcSt11char_traitsIcESaIcEED1Ev
import:_ZNSt7__cxx1118basic_stringstreamIcSt11char_traitsIcESaIcEEC1Ev
import:open
import:_ZNSt7__cxx1118basic_stringstreamIcSt11char_traitsIcESaIcEED1Ev
import:_ZNSt10filesystem7__cxx114path14_M_split_cmptsEv
import:system
import:__cxa_atexit
import:_ZStlsIcSt11char_traitsIcESaIcEERSt13basic_ostreamIT_T0_ES7_RKNSt7__cxx1112basic_stringIS4_S5_T1_EE
import:_ZdlPv
import:_ZNKSt7__cxx1118basic_stringstreamIcSt11char_traitsIcESaIcEE3strEv
import:_ZStlsISt11char_traitsIcEERSt13basic_ostreamIcT_ES5_PKc
import:_Znwm
import:_ZNSolsEPFRSoS_E
import:_ZNSaIcED1Ev
import:__stack_chk_fail
import:_ZStlsISt11char_traitsIcEERSt13basic_ostreamIcT_ES5_c
import:exit
import:_ZNKSt9basic_iosIcSt11char_traitsIcEEcvbEv
import:_ZNSi5seekgESt4fposI11__mbstate_tE
import:_ZNSt7__cxx1112basic_stringIcSt11char_traitsIcESaIcEE5clearEv
import:_ZStrsIcSt11char_traitsIcEERSt13basic_istreamIT_T0_ES6_RS3_
import:_ZNSt10filesystem9file_sizeERKNS_7__cxx114pathE
import:_ZNSt13basic_fstreamIcSt11char_traitsIcEEC1EPKcSt13_Ios_Openmode
import:_ZNSaIcEC2ERKS_
import:_ZNSt7__cxx1112basic_stringIcSt11char_traitsIcESaIcEE17_S_to_string_viewESt17basic_string_viewIcS2_E
import:_ZNSt8ios_base4InitC1Ev
import:memmove
import:_ZNSaIcEC2Ev
import:__gxx_personality_v0
import:_ZNSolsEt
import:_Unwind_Resume
import:_ZNSaIcEC1Ev
import:mmap
import:__libc_start_main
import:_ZNSt7__cxx1112basic_stringIcSt11char_traitsIcESaIcEEC1ENS4_12__sv_wrapperERKS3_
import:_ZNSt10filesystem7__cxx114path5_ListC1ERKS2_
import:close
import:_ZNSt8ios_base4InitD1Ev
symbol:
symbol:
symbol:
symbol:
symbol:
symbol:
symbol:
symbol:
symbol:
symbol:
symbol:
symbol:
symbol:
symbol:
symbol:
symbol:
symbol:
symbol:
symbol:
symbol:
symbol:
symbol:
symbol:
symbol:
symbol:
symbol:
symbol:
symbol:
symbol:
symbol:
symbol:
symbol:
symbol:
symbol:init.c
symbol:crtstuff.c
symbol:deregister_tm_clones
symbol:register_tm_clones
symbol:__do_global_dtors_aux
symbol:completed.7392
symbol:__do_global_dtors_aux_fini_array_entry
symbol:frame_dummy
symbol:__frame_dummy_init_array_entry
symbol:mane.cxx
symbol:_ZStL8__ioinit
symbol:_ZN9__gnu_cxxL21__default_lock_policyE
symbol:_ZN6__pstl9execution2v1L3seqE
symbol:_ZN6__pstl9execution2v1L3parE
symbol:_ZN6__pstl9execution2v1L9par_unseqE
symbol:_ZN6__pstl9execution2v1L5unseqE
symbol:_Z41__static_initialization_and_destruction_0ii
symbol:_GLOBAL__sub_I__ZlsRSoSt6vectorIcSaIcEE
symbol:crtstuff.c
symbol:__FRAME_END__
symbol:
symbol:__GNU_EH_FRAME_HDR
symbol:_init
symbol:_DYNAMIC
symbol:__init_array_end
symbol:__init_array_start
symbol:_GLOBAL_OFFSET_TABLE_
symbol:_ZNSt5tupleIJ8LocationNSt10filesystem7__cxx114pathES3_EEC1IJS0_S3_S3_ELb1EEEDpOT_
symbol:_ZNSt6vectorIcSaIcEE5beginEv
symbol:_Z7get_memNSt10filesystem7__cxx114pathE
symbol:_ZSt3getILm1EJPNSt10filesystem7__cxx114path5_List5_ImplENS3_13_Impl_deleterEEERNSt13tuple_elementIXT_ESt5tupleIJDpT0_EEE4typeERSB_
symbol:_ZNSt10unique_ptrINSt10filesystem7__cxx114path5_List5_ImplENS3_13_Impl_deleterEED1Ev
symbol:_ZNSt13basic_fstreamIcSt11char_traitsIcEEC1INSt10filesystem7__cxx114pathES6_EERKT_St13_Ios_Openmode
symbol:_ZNSt10filesystem7__cxx114path5_ListC1EOS2_
symbol:_ZNK9__gnu_cxx17__normal_iteratorIPcSt6vectorIcSaIcEEEdeEv
symbol:_ZSt3getILm2EJ8LocationNSt10filesystem7__cxx114pathES3_EEONSt13tuple_elementIXT_ESt5tupleIJDpT0_EEE4typeEOS8_
symbol:_ZNSt10_Head_baseILm0E8LocationLb0EEC1IS0_EEOT_
symbol:_ZNSt11_Tuple_implILm2EJNSt10filesystem7__cxx114pathEEED1Ev
symbol:_ZSt12__get_helperILm2ENSt10filesystem7__cxx114pathEJEERT0_RSt11_Tuple_implIXT_EJS3_DpT1_EE
symbol:_ZNSaIcED2Ev@@GLIBCXX_3.4
symbol:_ZNSt10filesystem7__cxx114path5_ListC2EOS2_
symbol:_ZSt10__fill_n_aImcEN9__gnu_cxx11__enable_ifIXsrSt9__is_byteIT0_E7__valueEPS3_E6__typeES5_T_RKS3_
symbol:_ZNKSt6vectorIcSaIcEE4sizeEv
symbol:_ZNSt11_Tuple_implILm0EJ8LocationNSt10filesystem7__cxx114pathES3_EEC2IS0_JS3_S3_EvEEOT_DpOT0_
symbol:_ZSt18uninitialized_copyIN9__gnu_cxx17__normal_iteratorIPKcSt6vectorIcSaIcEEEEPcET0_T_SA_S9_
symbol:_ZNKSt10filesystem7__cxx114path5c_strEv
symbol:_ZNSt13basic_fstreamIcSt11char_traitsIcEED1Ev@@GLIBCXX_3.4
symbol:_ZNSt12_Vector_baseIcSaIcEE12_Vector_implC2ERKS0_
symbol:_ZNSt10filesystem7__cxx114pathdVERKS1_@@GLIBCXX_3.4.26
symbol:_edata
symbol:_ZN9__gnu_cxx13new_allocatorIcE8allocateEmPKv
symbol:_ZNKSt10filesystem7__cxx114path5_List13_Impl_deleterclEPNS2_5_ImplE@@GLIBCXX_3.4.26
symbol:_ZNSt10filesystem7__cxx114path5_ListC1Ev@@GLIBCXX_3.4.26
symbol:_ZNSt11_Tuple_implILm1EJNSt10filesystem7__cxx114path5_List13_Impl_deleterEEE7_M_headERS5_
symbol:_ZSt8_DestroyIPcEvT_S1_
symbol:_ZNSt12_Destroy_auxILb1EE9__destroyIPcEEvT_S3_
symbol:_ZSt7forwardIO8LocationEOT_RNSt16remove_referenceIS2_E4typeE
symbol:_ZNSt12_Vector_baseIcSaIcEEC1EmRKS0_
symbol:_ZSt7forwardI8LocationEOT_RNSt16remove_referenceIS1_E4typeE
symbol:_ZNSt11_Tuple_implILm1EJNSt10filesystem7__cxx114pathES2_EEC1IS2_JS2_EvEEOT_DpOT0_
symbol:data_start
symbol:_IO_stdin_used
symbol:_ZNSt10filesystem7__cxx114pathC2IA10_cS1_EERKT_NS1_6formatE
symbol:_ZNSt6vectorIcSaIcEE3endEv
symbol:_ZSt17__throw_bad_allocv@@GLIBCXX_3.4
symbol:_ZNSt12_Vector_baseIcSaIcEEC1Ev
symbol:_ZNSt12_Vector_baseIcSaIcEE13_M_deallocateEPcm
symbol:_ZNSt11_Tuple_implILm2EJNSt10filesystem7__cxx114pathEEEC1IS2_EEOT_
symbol:_ZNSt7__cxx1112basic_stringIcSt11char_traitsIcESaIcEE12__sv_wrapperC1ESt17basic_string_viewIcS2_E@@GLIBCXX_3.4.26
symbol:_ZN3ELFI10Elf64_Ehdr10Elf64_Phdr10Elf64_ShdrEC1EPv
symbol:_ZSt7forwardINSt10filesystem7__cxx114pathEEOT_RNSt16remove_referenceIS3_E4typeE
symbol:_ZNSt11_Tuple_implILm2EJNSt10filesystem7__cxx114pathEEED2Ev
symbol:_ZN3ELFI10Elf64_Ehdr10Elf64_Phdr10Elf64_ShdrEC2EPv
symbol:_ZNSt11_Tuple_implILm0EJPNSt10filesystem7__cxx114path5_List5_ImplENS3_13_Impl_deleterEEE7_M_headERKS7_
symbol:_ZNSt12_Vector_baseIcSaIcEEC2EmRKS0_
symbol:_ZNKSt7__cxx1112basic_stringIcSt11char_traitsIcESaIcEE5c_strEv@@GLIBCXX_3.4.21
symbol:_ZNSt15__uniq_ptr_implINSt10filesystem7__cxx114path5_List5_ImplENS3_13_Impl_deleterEE10_M_deleterEv
symbol:_ZNSt6vectorIcSaIcEED1Ev
symbol:__cxa_finalize@@GLIBC_2.2.5
symbol:_ZNSt7__cxx1112basic_stringIcSt11char_traitsIcESaIcEEC1ERKS4_@@GLIBCXX_3.4.21
symbol:_ZNKSt12_Vector_baseIcSaIcEE19_M_get_Tp_allocatorEv
symbol:_ZNSt11_Tuple_implILm1EJNSt10filesystem7__cxx114path5_List13_Impl_deleterEEEC1IS4_EEOT_
symbol:_ZNSt10filesystem7__cxx11dvERKNS0_4pathES3_
symbol:_ZNSt12_Vector_baseIcSaIcEE17_Vector_impl_dataC1Ev
symbol:_ZSt3getILm0EJPNSt10filesystem7__cxx114path5_List5_ImplENS3_13_Impl_deleterEEERNSt13tuple_elementIXT_ESt5tupleIJDpT0_EEE4typeERSB_
symbol:_ZSt15__alloc_on_swapISaIcEEvRT_S2_
symbol:_ZNSt10unique_ptrINSt10filesystem7__cxx114path5_List5_ImplENS3_13_Impl_deleterEED2Ev
symbol:_ZN9__gnu_cxxneIPcSt6vectorIcSaIcEEEEbRKNS_17__normal_iteratorIT_T0_EESA_
symbol:_ZSt12__niter_baseIPcET_S1_
symbol:main
symbol:_ZSt4endlIcSt11char_traitsIcEERSt13basic_ostreamIT_T0_ES6_@@GLIBCXX_3.4
symbol:_ZNSt10_Head_baseILm2ENSt10filesystem7__cxx114pathELb0EE7_M_headERS3_
symbol:_ZN9__gnu_cxx14__alloc_traitsISaIcEcE17_S_select_on_copyERKS1_
symbol:_ZSt12__get_helperILm0EPNSt10filesystem7__cxx114path5_List5_ImplEJNS3_13_Impl_deleterEEERKT0_RKSt11_Tuple_implIXT_EJS7_DpT1_EE
symbol:_ZNSt7__cxx1112basic_stringIcSt11char_traitsIcESaIcEEC1ISt17basic_string_viewIcS2_EvEERKT_RKS3_
symbol:_ZNSt15__uniq_ptr_implINSt10filesystem7__cxx114path5_List5_ImplENS3_13_Impl_deleterEE6_M_ptrEv
symbol:_ZNSt10_Head_baseILm2ENSt10filesystem7__cxx114pathELb0EEC2IS2_EEOT_
symbol:_ZSt7forwardIRPNSt10filesystem7__cxx114path5_List5_ImplEEOT_RNSt16remove_referenceIS7_E4typeE
symbol:_ZSt18__do_alloc_on_swapISaIcEEvRT_S2_St17integral_constantIbLb0EE
symbol:_ZSt20__throw_length_errorPKc@@GLIBCXX_3.4
symbol:_ZNSt10_Head_baseILm1ENSt10filesystem7__cxx114path5_List13_Impl_deleterELb1EE7_M_headERS5_
symbol:_ZNSt15__uniq_ptr_implINSt10filesystem7__cxx114path5_List5_ImplENS3_13_Impl_deleterEEC1IS5_EEPS4_OT_
symbol:memset@@GLIBC_2.2.5
symbol:__dso_handle
symbol:_ZNSaIcEC1ERKS_@@GLIBCXX_3.4
symbol:_ZNSt12_Vector_baseIcSaIcEE12_Vector_implC1Ev
symbol:_ZNSt10filesystem7__cxx114path5_ListD1Ev
symbol:_ZNSt10filesystem7__cxx114path14_S_range_beginIPKcEET_S5_
symbol:_ZNSt7__cxx1112basic_stringIcSt11char_traitsIcESaIcEEC1EOS4_@@GLIBCXX_3.4.21
symbol:_ZNSt7__cxx1112basic_stringIcSt11char_traitsIcESaIcEED1Ev@@GLIBCXX_3.4.21
symbol:_ZNKSt6vectorIcSaIcEE5beginEv
symbol:_ZNSt5tupleIJ8LocationNSt10filesystem7__cxx114pathES3_EEC2IJS0_S3_S3_ELb1EEEDpOT_
symbol:_ZNSt12_Vector_baseIcSaIcEE12_Vector_implD2Ev
symbol:_ZNSt10unique_ptrINSt10filesystem7__cxx114path5_List5_ImplENS3_13_Impl_deleterEEC2EOS6_
symbol:_ZNSt10filesystem7__cxx114pathC1IA4_cS1_EERKT_NS1_6formatE
symbol:DW.ref.__gxx_personality_v0
symbol:_ZSt3getILm0EJ8LocationNSt10filesystem7__cxx114pathES3_EEONSt13tuple_elementIXT_ESt5tupleIJDpT0_EEE4typeEOS8_
symbol:_ZSt25__uninitialized_default_nIPcmET_S1_T0_
symbol:_ZSt12__niter_baseIPKcSt6vectorIcSaIcEEET_N9__gnu_cxx17__normal_iteratorIS5_T0_EE
symbol:_ZNSt7__cxx1118basic_stringstreamIcSt11char_traitsIcESaIcEEC1Ev@@GLIBCXX_3.4.26
symbol:_ZNSt6vectorIcSaIcEEC2EmRKS0_
symbol:_fini
symbol:_ZNSt10filesystem7__cxx114pathC2IA6_cS1_EERKT_NS1_6formatE
symbol:open@@GLIBC_2.2.5
symbol:_ZN9__gnu_cxx11char_traitsIcE2eqERKcS3_
symbol:_ZSt3minImERKT_S2_S2_
symbol:_ZNSt7__cxx1118basic_stringstreamIcSt11char_traitsIcESaIcEED1Ev@@GLIBCXX_3.4.21
symbol:_ZNSt10filesystem7__cxx114pathC1IA6_cS1_EERKT_NS1_6formatE
symbol:_ZSt13__copy_move_aILb0EPKcPcET1_T0_S4_S3_
symbol:_ZNSt12_Vector_baseIcSaIcEED1Ev
symbol:_ZNSt6vectorIcSaIcEED2Ev
symbol:_ZNSt10filesystem7__cxx114pathC2ERKS1_
symbol:_ZNSt11_Tuple_implILm0EJ8LocationNSt10filesystem7__cxx114pathES3_EED1Ev
symbol:_ZNSt10filesystem7__cxx114path14_M_split_cmptsEv@@GLIBCXX_3.4.26
symbol:_ZNSt6vectorIcSaIcEEC2Ev
symbol:_ZNSt27__uninitialized_default_n_1ILb1EE18__uninit_default_nIPcmEET_S3_T0_
symbol:_ZNK9__gnu_cxx17__normal_iteratorIPcSt6vectorIcSaIcEEE4baseEv
symbol:_ZNSt12_Vector_baseIcSaIcEE17_M_create_storageEm
symbol:_ZN3ELFI10Elf64_Ehdr10Elf64_Phdr10Elf64_ShdrE9get_entryEv
symbol:_ZNSt10_Head_baseILm1ENSt10filesystem7__cxx114path5_List13_Impl_deleterELb1EEC1IS4_EEOT_
symbol:_ZNK9__gnu_cxx13new_allocatorIcE8max_sizeEv
symbol:system@@GLIBC_2.2.5
symbol:_ZNSt7__cxx1112basic_stringIcSt11char_traitsIcESaIcEEC2ISt17basic_string_viewIcS2_EvEERKT_RKS3_
symbol:__cxa_atexit@@GLIBC_2.2.5
symbol:_ZStlsIcSt11char_traitsIcESaIcEERSt13basic_ostreamIT_T0_ES7_RKNSt7__cxx1112basic_stringIS4_S5_T1_EE@@GLIBCXX_3.4.21
symbol:_ZNSt10_Head_baseILm1ENSt10filesystem7__cxx114pathELb0EEC2IS2_EEOT_
symbol:_ZSt12__miter_baseIN9__gnu_cxx17__normal_iteratorIPKcSt6vectorIcSaIcEEEEET_S8_
symbol:_ZNSt11_Tuple_implILm2EJNSt10filesystem7__cxx114pathEEEC2IS2_EEOT_
symbol:_Z10parse_argsB5cxx11v
symbol:_ZSt8__fill_aIcEN9__gnu_cxx11__enable_ifIXsrSt9__is_byteIT_E7__valueEvE6__typeEPS3_S7_RKS3_
symbol:_ZNSt12_Vector_baseIcSaIcEE17_Vector_impl_data12_M_swap_dataERS2_
symbol:_ZSt4moveIRNSt7__cxx1112basic_stringIcSt11char_traitsIcESaIcEEEEONSt16remove_referenceIT_E4typeEOS8_
symbol:_ZSt4swapIcSaIcEEvRSt6vectorIT_T0_ES5_
symbol:_ZdlPv@@GLIBCXX_3.4
symbol:_ZSt12__niter_wrapIPcET_RKS1_S1_
symbol:_start
symbol:_ZNKSt7__cxx1118basic_stringstreamIcSt11char_traitsIcESaIcEE3strEv@@GLIBCXX_3.4.21
symbol:_ZSt12__get_helperILm0EPNSt10filesystem7__cxx114path5_List5_ImplEJNS3_13_Impl_deleterEEERT0_RSt11_Tuple_implIXT_EJS7_DpT1_EE
symbol:_ZNSt6vectorIcSaIcEE11_S_max_sizeERKS0_
symbol:_ZNSt10filesystem7__cxx114pathD2Ev
symbol:_ZStlsISt11char_traitsIcEERSt13basic_ostreamIcT_ES5_PKc@@GLIBCXX_3.4
symbol:_ZN3ELFI10Elf64_Ehdr10Elf64_Phdr10Elf64_ShdrE6insertEPvRSt6vectorIcSaIcEERSt13basic_fstreamIcSt11char_traitsIcEE
symbol:_Znwm@@GLIBCXX_3.4
symbol:_ZrsRSiSt6vectorIcSaIcEE
symbol:_ZNSolsEPFRSoS_E@@GLIBCXX_3.4
symbol:_ZNSt6vectorIcSaIcEEC1ERKS1_
symbol:_ZNKSt6vectorIcSaIcEE3endEv
symbol:_ZSt4moveIRPNSt10filesystem7__cxx114path5_List5_ImplEEONSt16remove_referenceIT_E4typeEOS8_
symbol:_ZNSt16allocator_traitsISaIcEE8max_sizeERKS0_
symbol:_ZN9__gnu_cxx11char_traitsIcE6lengthEPKc
symbol:_ZN9__gnu_cxx14__alloc_traitsISaIcEcE10_S_on_swapERS1_S3_
symbol:_ZNSaIcED1Ev@@GLIBCXX_3.4
symbol:_ZNSt11_Tuple_implILm1EJNSt10filesystem7__cxx114pathES2_EE7_M_headERS3_
symbol:_ZN9__gnu_cxx17__normal_iteratorIPcSt6vectorIcSaIcEEEC1ERKS1_
symbol:_ZNSt12_Vector_baseIcSaIcEE19_M_get_Tp_allocatorEv
symbol:_ZNSt4fposI11__mbstate_tEC2El
symbol:_ZNSt10filesystem7__cxx114pathC1EOS1_
symbol:__stack_chk_fail@@GLIBC_2.4
symbol:_ZNSt20__uninitialized_copyILb1EE13__uninit_copyIN9__gnu_cxx17__normal_iteratorIPKcSt6vectorIcSaIcEEEEPcEET0_T_SC_SB_
symbol:_ZlsRSoSt6vectorIcSaIcEE
symbol:_ZNSt10filesystem7__cxx114pathC1ERKS1_
symbol:__TMC_END__
symbol:_ZNSt5tupleIJ8LocationNSt10filesystem7__cxx114pathES3_EED1Ev
symbol:_ZSt3getILm1EJ8LocationNSt10filesystem7__cxx114pathES3_EEONSt13tuple_elementIXT_ESt5tupleIJDpT0_EEE4typeEOS8_
symbol:_ZNSt11_Tuple_implILm0EJ8LocationNSt10filesystem7__cxx114pathES3_EED2Ev
symbol:_ZStlsISt11char_traitsIcEERSt13basic_ostreamIcT_ES5_c@@GLIBCXX_3.4
symbol:_ZNSt10_Head_baseILm1ENSt10filesystem7__cxx114pathELb0EED2Ev
symbol:_ZNSt11_Tuple_implILm0EJPNSt10filesystem7__cxx114path5_List5_ImplENS3_13_Impl_deleterEEE7_M_headERS7_
symbol:_ZNSt10_Head_baseILm2ENSt10filesystem7__cxx114pathELb0EED1Ev
symbol:_ZNSt16allocator_traitsISaIcEE10deallocateERS0_Pcm
symbol:exit@@GLIBC_2.2.5
symbol:_ZSt12__get_helperILm1ENSt10filesystem7__cxx114pathEJS2_EERT0_RSt11_Tuple_implIXT_EJS3_DpT1_EE
symbol:_ZNSt11_Tuple_implILm1EJNSt10filesystem7__cxx114pathES2_EEC2IS2_JS2_EvEEOT_DpOT0_
symbol:_ZNSt10_Head_baseILm1ENSt10filesystem7__cxx114path5_List13_Impl_deleterELb1EEC2IS4_EEOT_
symbol:_ZNSt10unique_ptrINSt10filesystem7__cxx114path5_List5_ImplENS3_13_Impl_deleterEE11get_deleterEv
symbol:_ZNSt10filesystem7__cxx114path5_ListD2Ev
symbol:_ZSt3getILm0EJ8LocationNSt10filesystem7__cxx114pathES3_EERNSt13tuple_elementIXT_ESt5tupleIJDpT0_EEE4typeERS8_
symbol:_ZSt3getILm2EJ8LocationNSt10filesystem7__cxx114pathES3_EERNSt13tuple_elementIXT_ESt5tupleIJDpT0_EEE4typeERS8_
symbol:_ZSt7forwardIONSt10filesystem7__cxx114pathEEOT_RNSt16remove_referenceIS4_E4typeE
symbol:_ZNKSt9basic_iosIcSt11char_traitsIcEEcvbEv@@GLIBCXX_3.4.21
symbol:_ZNSt11_Tuple_implILm0EJPNSt10filesystem7__cxx114path5_List5_ImplENS3_13_Impl_deleterEEEC1IRS5_JS6_EvEEOT_DpOT0_
symbol:_ZNSt17basic_string_viewIcSt11char_traitsIcEEC2EPKc
symbol:_ZNSi5seekgESt4fposI11__mbstate_tE@@GLIBCXX_3.4
symbol:_ZSt4cout@@GLIBCXX_3.4
symbol:_ZNSt10unique_ptrINSt10filesystem7__cxx114path5_List5_ImplENS3_13_Impl_deleterEEC1EOS6_
symbol:_ZNSt11_Tuple_implILm1EJNSt10filesystem7__cxx114pathES2_EED1Ev
symbol:_ZNSt12_Vector_baseIcSaIcEE12_Vector_implD1Ev
symbol:_ZNSt7__cxx1112basic_stringIcSt11char_traitsIcESaIcEE5clearEv@@GLIBCXX_3.4.21
symbol:_ZNSt16allocator_traitsISaIcEE8allocateERS0_m
symbol:_ZStrsIcSt11char_traitsIcEERSt13basic_istreamIT_T0_ES6_RS3_@@GLIBCXX_3.4
symbol:_ZNSt10_Head_baseILm0E8LocationLb0EE7_M_headERS1_
symbol:_ZNSt6vectorIcSaIcEE4swapERS1_
symbol:_ZNSt10filesystem9file_sizeERKNS_7__cxx114pathE@@GLIBCXX_3.4.26
symbol:_ZNSt13basic_fstreamIcSt11char_traitsIcEEC1EPKcSt13_Ios_Openmode@@GLIBCXX_3.4
symbol:_ZNSt17basic_string_viewIcSt11char_traitsIcEEC1EPKc
symbol:_ZSt12__get_helperILm1ENSt10filesystem7__cxx114path5_List13_Impl_deleterEJEERT0_RSt11_Tuple_implIXT_EJS5_DpT1_EE
symbol:_ZNSt6vectorIcSaIcEEC2ERKS1_
symbol:_ZNSt11_Tuple_implILm2EJNSt10filesystem7__cxx114pathEEE7_M_headERS3_
symbol:__data_start
symbol:_ZNSt10unique_ptrINSt10filesystem7__cxx114path5_List5_ImplENS3_13_Impl_deleterEE7releaseEv
symbol:_ZNSt10_Head_baseILm0EPNSt10filesystem7__cxx114path5_List5_ImplELb0EEC2IRS5_EEOT_
symbol:_end
symbol:_ZSt6fill_nIPcmcET_S1_T0_RKT1_
symbol:_ZSt3getILm1EJ8LocationNSt10filesystem7__cxx114pathES3_EERNSt13tuple_elementIXT_ESt5tupleIJDpT0_EEE4typeERS8_
symbol:_ZNSt6vectorIcSaIcEE17_S_check_init_lenEmRKS0_
symbol:_ZNSt10_Head_baseILm2ENSt10filesystem7__cxx114pathELb0EEC1IS2_EEOT_
symbol:_ZNSt10_Head_baseILm0EPNSt10filesystem7__cxx114path5_List5_ImplELb0EE7_M_headERS6_
symbol:_Z11insert_codePvRSt6vectorIcSaIcEERSt13basic_fstreamIcSt11char_traitsIcEES_8ExecType
symbol:_ZNSt5tupleIJPNSt10filesystem7__cxx114path5_List5_ImplENS3_13_Impl_deleterEEEC2IRS5_S6_Lb1EEEOT_OT0_
symbol:_ZNSt11_Tuple_implILm0EJ8LocationNSt10filesystem7__cxx114pathES3_EE7_M_headERS4_
symbol:_ZNSt12_Vector_baseIcSaIcEE17_Vector_impl_data12_M_copy_dataERKS2_
symbol:_ZNSaIcEC2ERKS_@@GLIBCXX_3.4
symbol:_ZNSt7__cxx1112basic_stringIcSt11char_traitsIcESaIcEE17_S_to_string_viewESt17basic_string_viewIcS2_E@@GLIBCXX_3.4.26
symbol:_ZNSt11_Tuple_implILm1EJNSt10filesystem7__cxx114path5_List13_Impl_deleterEEEC2IS4_EEOT_
symbol:_ZSt14__copy_move_a2ILb0EN9__gnu_cxx17__normal_iteratorIPKcSt6vectorIcSaIcEEEEPcET1_T0_SA_S9_
symbol:_ZNSt10_Head_baseILm0EPNSt10filesystem7__cxx114path5_List5_ImplELb0EEC1IRS5_EEOT_
symbol:_ZNKSt15__uniq_ptr_implINSt10filesystem7__cxx114path5_List5_ImplENS3_13_Impl_deleterEE6_M_ptrEv
symbol:__bss_start
symbol:_ZNSt12_Vector_baseIcSaIcEE11_M_allocateEm
symbol:_ZNSt5tupleIJ8LocationNSt10filesystem7__cxx114pathES3_EED2Ev
symbol:_ZNSt10_Head_baseILm0E8LocationLb0EEC2IS0_EEOT_
symbol:_ZNSt8ios_base4InitC1Ev@@GLIBCXX_3.4
symbol:_ZN9__gnu_cxx13new_allocatorIcE10deallocateEPcm
symbol:_ZN9__gnu_cxx17__normal_iteratorIPKcSt6vectorIcSaIcEEEC1ERKS2_
symbol:__libc_csu_init
symbol:_ZN9__gnu_cxx17__normal_iteratorIPKcSt6vectorIcSaIcEEEC2ERKS2_
symbol:_ZNSt11__copy_moveILb0ELb1ESt26random_access_iterator_tagE8__copy_mIcEEPT_PKS3_S6_S4_
symbol:_ZNSt10_Head_baseILm2ENSt10filesystem7__cxx114pathELb0EED2Ev
symbol:_ZNSt6vectorIcSaIcEEC1Ev
symbol:_ZSt22__uninitialized_copy_aIN9__gnu_cxx17__normal_iteratorIPKcSt6vectorIcSaIcEEEEPccET0_T_SA_S9_RSaIT1_E
symbol:_ZNSt12_Vector_baseIcSaIcEE12_Vector_implC2Ev
symbol:_Z12get_locationI3ELFI10Elf64_Ehdr10Elf64_Phdr10Elf64_ShdrEEPv8LocationT_
symbol:memmove@@GLIBC_2.2.5
symbol:_ZNSaIcEC2Ev@@GLIBCXX_3.4
symbol:_ZNSt11_Tuple_implILm1EJNSt10filesystem7__cxx114pathES2_EED2Ev
symbol:__gxx_personality_v0@@CXXABI_1.3
symbol:_ZNSt6vectorIcSaIcEE21_M_default_initializeEm
symbol:_ZNSt10filesystem7__cxx114pathC1IA10_cS1_EERKT_NS1_6formatE
symbol:_ZNSolsEt@@GLIBCXX_3.4
symbol:_ZNKSt10unique_ptrINSt10filesystem7__cxx114path5_List5_ImplENS3_13_Impl_deleterEE3getEv
symbol:_ZNSt12_Vector_baseIcSaIcEEC2Ev
symbol:_ZN9__gnu_cxx17__normal_iteratorIPcSt6vectorIcSaIcEEEppEv
symbol:_ZNSt4fposI11__mbstate_tEC1El
symbol:_ZNSt5tupleIJPNSt10filesystem7__cxx114path5_List5_ImplENS3_13_Impl_deleterEEEC1IRS5_S6_Lb1EEEOT_OT0_
symbol:_ZNSt10filesystem7__cxx114path12_S_range_endIPKcEENS1_17__null_terminatedET_
symbol:_ZNSt12_Vector_baseIcSaIcEE12_Vector_implC1ERKS0_
symbol:_ZNSt10_Head_baseILm1ENSt10filesystem7__cxx114pathELb0EE7_M_headERS3_
symbol:_ITM_deregisterTMCloneTable
symbol:_ZN9__gnu_cxx17__normal_iteratorIPcSt6vectorIcSaIcEEEC2ERKS1_
symbol:_ZNSt10_Head_baseILm1ENSt10filesystem7__cxx114pathELb0EEC1IS2_EEOT_
symbol:_Unwind_Resume@@GCC_3.0
symbol:_ZNSt10filesystem7__cxx114path5clearEv
symbol:_ZNSaIcEC1Ev@@GLIBCXX_3.4
symbol:_ZNSt10filesystem7__cxx114pathC2EOS1_
symbol:mmap@@GLIBC_2.2.5
symbol:_ZNSt12_Vector_baseIcSaIcEE17_Vector_impl_dataC2Ev
symbol:_ZSt27__uninitialized_default_n_aIPcmcET_S1_T0_RSaIT1_E
symbol:_ZSt7forwardINSt10filesystem7__cxx114path5_List13_Impl_deleterEEOT_RNSt16remove_referenceIS5_E4typeE
symbol:__libc_csu_fini
symbol:_ZStorSt13_Ios_OpenmodeS_
symbol:_ZNSt10filesystem7__cxx114pathD1Ev
symbol:_ZNSt10filesystem7__cxx114pathC2IA4_cS1_EERKT_NS1_6formatE
symbol:_ZNSt11_Tuple_implILm0EJPNSt10filesystem7__cxx114path5_List5_ImplENS3_13_Impl_deleterEEEC2IRS5_JS6_EvEEOT_DpOT0_
symbol:__libc_start_main@@GLIBC_2.2.5
symbol:_ZSt8_DestroyIPccEvT_S1_RSaIT0_E
symbol:_Z7opcodesIPvSt13basic_fstreamIcSt11char_traitsIcEEEvT_RSt6vectorIcSaIcEERT0_
symbol:_ZNSt11char_traitsIcE6lengthEPKc
symbol:_ZNSt10_Head_baseILm1ENSt10filesystem7__cxx114pathELb0EED1Ev
symbol:_ZNK9__gnu_cxx17__normal_iteratorIPKcSt6vectorIcSaIcEEE4baseEv
symbol:_ZNSt6vectorIcSaIcEEC1EmRKS0_
symbol:_ZNSt12_Vector_baseIcSaIcEED2Ev
symbol:__gmon_start__
symbol:_ZSt4moveIRNSt10filesystem7__cxx114path5_ListEEONSt16remove_referenceIT_E4typeEOS6_
symbol:_ZNSt7__cxx1112basic_stringIcSt11char_traitsIcESaIcEEC1ENS4_12__sv_wrapperERKS3_@@GLIBCXX_3.4.26
symbol:_ITM_registerTMCloneTable
symbol:_ZNSt15__uniq_ptr_implINSt10filesystem7__cxx114path5_List5_ImplENS3_13_Impl_deleterEEC2IS5_EEPS4_OT_
symbol:_ZNSt10filesystem7__cxx114path10_S_convertEPKcNS1_17__null_terminatedE
symbol:_ZSt4cerr@@GLIBCXX_3.4
symbol:_ZNSt16allocator_traitsISaIcEE37select_on_container_copy_constructionERKS0_
symbol:_ZNSt10filesystem7__cxx114path5_ListC1ERKS2_@@GLIBCXX_3.4.26
symbol:close@@GLIBC_2.2.5
symbol:_ZSt4copyIN9__gnu_cxx17__normal_iteratorIPKcSt6vectorIcSaIcEEEEPcET0_T_SA_S9_
symbol:_ZNSt10_Head_baseILm0EPNSt10filesystem7__cxx114path5_List5_ImplELb0EE7_M_headERKS6_
symbol:_ZSt3getILm0EJPNSt10filesystem7__cxx114path5_List5_ImplENS3_13_Impl_deleterEEERKNSt13tuple_elementIXT_ESt5tupleIJDpT0_EEE4typeERKSB_
symbol:_ZNSt8ios_base4InitD1Ev@@GLIBCXX_3.4
symbol:_ZSt12__get_helperILm0E8LocationJNSt10filesystem7__cxx114pathES3_EERT0_RSt11_Tuple_implIXT_EJS4_DpT1_EE
symbol:_ZNSt11_Tuple_implILm0EJ8LocationNSt10filesystem7__cxx114pathES3_EEC1IS0_JS3_S3_EvEEOT_DpOT0_
zdarov suka
working in: linux
module:a.out
module:linux-vdso.so.1
module:libstdc++.so.6.0.27
module:libm-2.30.so
module:libgcc_s.so.1
module:libc-2.30.so
module:ld-2.30.so
module:libpthread-2.30.so
module:frida-agent-64.so
module:libresolv-2.30.so
module:libdl-2.30.so
module:librt-2.30.so
export:_ZSt4cout
export:_ZSt4cerr
import:_ZNSaIcED2Ev
import:_ZNSt13basic_fstreamIcSt11char_traitsIcEED1Ev
import:_ZNSt10filesystem7__cxx114pathdVERKS1_
import:_ZNKSt10filesystem7__cxx114path5_List13_Impl_deleterclEPNS2_5_ImplE
import:_ZNSt10filesystem7__cxx114path5_ListC1Ev
import:_ZSt17__throw_bad_allocv
import:_ZNSt7__cxx1112basic_stringIcSt11char_traitsIcESaIcEE12__sv_wrapperC1ESt17basic_string_viewIcS2_E
import:_ZNKSt7__cxx1112basic_stringIcSt11char_traitsIcESaIcEE5c_strEv
import:__cxa_finalize
import:_ZNSt7__cxx1112basic_stringIcSt11char_traitsIcESaIcEEC1ERKS4_
import:_ZSt4endlIcSt11char_traitsIcEERSt13basic_ostreamIT_T0_ES6_
import:_ZSt20__throw_length_errorPKc
import:memset
import:_ZNSaIcEC1ERKS_
import:_ZNSt7__cxx1112basic_stringIcSt11char_traitsIcESaIcEEC1EOS4_
import:_ZNSt7__cxx1112basic_stringIcSt11char_traitsIcESaIcEED1Ev
import:_ZNSt7__cxx1118basic_stringstreamIcSt11char_traitsIcESaIcEEC1Ev
import:open
import:_ZNSt7__cxx1118basic_stringstreamIcSt11char_traitsIcESaIcEED1Ev
import:_ZNSt10filesystem7__cxx114path14_M_split_cmptsEv
import:system
import:__cxa_atexit
import:_ZStlsIcSt11char_traitsIcESaIcEERSt13basic_ostreamIT_T0_ES7_RKNSt7__cxx1112basic_stringIS4_S5_T1_EE
import:_ZdlPv
import:_ZNKSt7__cxx1118basic_stringstreamIcSt11char_traitsIcESaIcEE3strEv
import:_ZStlsISt11char_traitsIcEERSt13basic_ostreamIcT_ES5_PKc
import:_Znwm
import:_ZNSolsEPFRSoS_E
import:_ZNSaIcED1Ev
import:__stack_chk_fail
import:_ZStlsISt11char_traitsIcEERSt13basic_ostreamIcT_ES5_c
import:exit
import:_ZNKSt9basic_iosIcSt11char_traitsIcEEcvbEv
import:_ZNSi5seekgESt4fposI11__mbstate_tE
import:_ZNSt7__cxx1112basic_stringIcSt11char_traitsIcESaIcEE5clearEv
import:_ZStrsIcSt11char_traitsIcEERSt13basic_istreamIT_T0_ES6_RS3_
import:_ZNSt10filesystem9file_sizeERKNS_7__cxx114pathE
import:_ZNSt13basic_fstreamIcSt11char_traitsIcEEC1EPKcSt13_Ios_Openmode
import:_ZNSaIcEC2ERKS_
import:_ZNSt7__cxx1112basic_stringIcSt11char_traitsIcESaIcEE17_S_to_string_viewESt17basic_string_viewIcS2_E
import:_ZNSt8ios_base4InitC1Ev
import:memmove
import:_ZNSaIcEC2Ev
import:__gxx_personality_v0
import:_ZNSolsEt
import:_Unwind_Resume
import:_ZNSaIcEC1Ev
import:mmap
import:__libc_start_main
import:_ZNSt7__cxx1112basic_stringIcSt11char_traitsIcESaIcEEC1ENS4_12__sv_wrapperERKS3_
import:_ZNSt10filesystem7__cxx114path5_ListC1ERKS2_
import:close
import:_ZNSt8ios_base4InitD1Ev
symbol:
symbol:
symbol:
symbol:
symbol:
symbol:
symbol:
symbol:
symbol:
symbol:
symbol:
symbol:
symbol:
symbol:
symbol:
symbol:
symbol:
symbol:
symbol:
symbol:
symbol:
symbol:
symbol:
symbol:
symbol:
symbol:
symbol:
symbol:
symbol:
symbol:
symbol:
symbol:
symbol:init.c
symbol:crtstuff.c
symbol:
symbol:deregister_tm_clones
symbol:register_tm_clones
symbol:__do_global_dtors_aux
symbol:completed.7392
symbol:__do_global_dtors_aux_fini_array_entry
symbol:frame_dummy
symbol:__frame_dummy_init_array_entry
symbol:mane.cxx
symbol:_ZStL8__ioinit
symbol:_ZN9__gnu_cxxL21__default_lock_policyE
symbol:_ZN6__pstl9execution2v1L3seqE
symbol:_ZN6__pstl9execution2v1L3parE
symbol:_ZN6__pstl9execution2v1L9par_unseqE
symbol:_ZN6__pstl9execution2v1L5unseqE
symbol:_Z41__static_initialization_and_destruction_0ii
symbol:_GLOBAL__sub_I__ZlsRSoSt6vectorIcSaIcEE
symbol:crtstuff.c
symbol:__FRAME_END__
symbol:
symbol:__GNU_EH_FRAME_HDR
symbol:_init
symbol:_DYNAMIC
symbol:__init_array_end
symbol:__init_array_start
symbol:_GLOBAL_OFFSET_TABLE_
symbol:_ZNSt5tupleIJ8LocationNSt10filesystem7__cxx114pathES3_EEC1IJS0_S3_S3_ELb1EEEDpOT_
symbol:_ZNSt6vectorIcSaIcEE5beginEv
symbol:_Z7get_memNSt10filesystem7__cxx114pathE
symbol:_ZSt3getILm1EJPNSt10filesystem7__cxx114path5_List5_ImplENS3_13_Impl_deleterEEERNSt13tuple_elementIXT_ESt5tupleIJDpT0_EEE4typeERSB_
symbol:_ZNSt10unique_ptrINSt10filesystem7__cxx114path5_List5_ImplENS3_13_Impl_deleterEED1Ev
symbol:_ZNSt13basic_fstreamIcSt11char_traitsIcEEC1INSt10filesystem7__cxx114pathES6_EERKT_St13_Ios_Openmode
symbol:_ZNSt10filesystem7__cxx114path5_ListC1EOS2_
symbol:_ZNK9__gnu_cxx17__normal_iteratorIPcSt6vectorIcSaIcEEEdeEv
symbol:_ZSt3getILm2EJ8LocationNSt10filesystem7__cxx114pathES3_EEONSt13tuple_elementIXT_ESt5tupleIJDpT0_EEE4typeEOS8_
symbol:_ZNSt10_Head_baseILm0E8LocationLb0EEC1IS0_EEOT_
symbol:_ZNSt11_Tuple_implILm2EJNSt10filesystem7__cxx114pathEEED1Ev
symbol:_ZSt12__get_helperILm2ENSt10filesystem7__cxx114pathEJEERT0_RSt11_Tuple_implIXT_EJS3_DpT1_EE
symbol:_ZNSaIcED2Ev@@GLIBCXX_3.4
symbol:_ZNSt10filesystem7__cxx114path5_ListC2EOS2_
symbol:_ZSt10__fill_n_aImcEN9__gnu_cxx11__enable_ifIXsrSt9__is_byteIT0_E7__valueEPS3_E6__typeES5_T_RKS3_
symbol:_ZNKSt6vectorIcSaIcEE4sizeEv
symbol:_ZNSt11_Tuple_implILm0EJ8LocationNSt10filesystem7__cxx114pathES3_EEC2IS0_JS3_S3_EvEEOT_DpOT0_
symbol:_ZSt18uninitialized_copyIN9__gnu_cxx17__normal_iteratorIPKcSt6vectorIcSaIcEEEEPcET0_T_SA_S9_
symbol:_ZNKSt10filesystem7__cxx114path5c_strEv
symbol:_ZNSt13basic_fstreamIcSt11char_traitsIcEED1Ev@@GLIBCXX_3.4
symbol:_ZNSt12_Vector_baseIcSaIcEE12_Vector_implC2ERKS0_
symbol:_ZNSt10filesystem7__cxx114pathdVERKS1_@@GLIBCXX_3.4.26
symbol:_edata
symbol:_ZN9__gnu_cxx13new_allocatorIcE8allocateEmPKv
symbol:_ZNKSt10filesystem7__cxx114path5_List13_Impl_deleterclEPNS2_5_ImplE@@GLIBCXX_3.4.26
symbol:_ZNSt10filesystem7__cxx114path5_ListC1Ev@@GLIBCXX_3.4.26
symbol:_ZNSt11_Tuple_implILm1EJNSt10filesystem7__cxx114path5_List13_Impl_deleterEEE7_M_headERS5_
symbol:_ZSt8_DestroyIPcEvT_S1_
symbol:_ZNSt12_Destroy_auxILb1EE9__destroyIPcEEvT_S3_
symbol:_ZSt7forwardIO8LocationEOT_RNSt16remove_referenceIS2_E4typeE
symbol:_ZNSt12_Vector_baseIcSaIcEEC1EmRKS0_
symbol:_ZSt7forwardI8LocationEOT_RNSt16remove_referenceIS1_E4typeE
symbol:_ZNSt11_Tuple_implILm1EJNSt10filesystem7__cxx114pathES2_EEC1IS2_JS2_EvEEOT_DpOT0_
symbol:data_start
symbol:_IO_stdin_used
symbol:_ZNSt10filesystem7__cxx114pathC2IA10_cS1_EERKT_NS1_6formatE
symbol:_ZNSt6vectorIcSaIcEE3endEv
symbol:_ZSt17__throw_bad_allocv@@GLIBCXX_3.4
symbol:_ZNSt12_Vector_baseIcSaIcEEC1Ev
symbol:_ZNSt12_Vector_baseIcSaIcEE13_M_deallocateEPcm
symbol:_ZNSt11_Tuple_implILm2EJNSt10filesystem7__cxx114pathEEEC1IS2_EEOT_
symbol:_ZNSt7__cxx1112basic_stringIcSt11char_traitsIcESaIcEE12__sv_wrapperC1ESt17basic_string_viewIcS2_E@@GLIBCXX_3.4.26
symbol:_ZN3ELFI10Elf64_Ehdr10Elf64_Phdr10Elf64_ShdrEC1EPv
symbol:_ZSt7forwardINSt10filesystem7__cxx114pathEEOT_RNSt16remove_referenceIS3_E4typeE
symbol:_ZNSt11_Tuple_implILm2EJNSt10filesystem7__cxx114pathEEED2Ev
symbol:_ZN3ELFI10Elf64_Ehdr10Elf64_Phdr10Elf64_ShdrEC2EPv
symbol:_ZNSt11_Tuple_implILm0EJPNSt10filesystem7__cxx114path5_List5_ImplENS3_13_Impl_deleterEEE7_M_headERKS7_
symbol:_ZNSt12_Vector_baseIcSaIcEEC2EmRKS0_
symbol:_ZNKSt7__cxx1112basic_stringIcSt11char_traitsIcESaIcEE5c_strEv@@GLIBCXX_3.4.21
symbol:_ZNSt15__uniq_ptr_implINSt10filesystem7__cxx114path5_List5_ImplENS3_13_Impl_deleterEE10_M_deleterEv
symbol:_ZNSt6vectorIcSaIcEED1Ev
symbol:__cxa_finalize@@GLIBC_2.2.5
symbol:_ZNSt7__cxx1112basic_stringIcSt11char_traitsIcESaIcEEC1ERKS4_@@GLIBCXX_3.4.21
symbol:_ZNKSt12_Vector_baseIcSaIcEE19_M_get_Tp_allocatorEv
symbol:_ZNSt11_Tuple_implILm1EJNSt10filesystem7__cxx114path5_List13_Impl_deleterEEEC1IS4_EEOT_
symbol:_ZNSt10filesystem7__cxx11dvERKNS0_4pathES3_
symbol:_ZNSt12_Vector_baseIcSaIcEE17_Vector_impl_dataC1Ev
symbol:_ZSt3getILm0EJPNSt10filesystem7__cxx114path5_List5_ImplENS3_13_Impl_deleterEEERNSt13tuple_elementIXT_ESt5tupleIJDpT0_EEE4typeERSB_
symbol:_ZSt15__alloc_on_swapISaIcEEvRT_S2_
symbol:_ZNSt10unique_ptrINSt10filesystem7__cxx114path5_List5_ImplENS3_13_Impl_deleterEED2Ev
symbol:_ZN9__gnu_cxxneIPcSt6vectorIcSaIcEEEEbRKNS_17__normal_iteratorIT_T0_EESA_
symbol:_ZSt12__niter_baseIPcET_S1_
symbol:main
symbol:_ZSt4endlIcSt11char_traitsIcEERSt13basic_ostreamIT_T0_ES6_@@GLIBCXX_3.4
symbol:_ZNSt10_Head_baseILm2ENSt10filesystem7__cxx114pathELb0EE7_M_headERS3_
symbol:_ZN9__gnu_cxx14__alloc_traitsISaIcEcE17_S_select_on_copyERKS1_
symbol:_ZSt12__get_helperILm0EPNSt10filesystem7__cxx114path5_List5_ImplEJNS3_13_Impl_deleterEEERKT0_RKSt11_Tuple_implIXT_EJS7_DpT1_EE
symbol:_ZNSt7__cxx1112basic_stringIcSt11char_traitsIcESaIcEEC1ISt17basic_string_viewIcS2_EvEERKT_RKS3_
symbol:_ZNSt15__uniq_ptr_implINSt10filesystem7__cxx114path5_List5_ImplENS3_13_Impl_deleterEE6_M_ptrEv
symbol:_ZNSt10_Head_baseILm2ENSt10filesystem7__cxx114pathELb0EEC2IS2_EEOT_
symbol:_ZSt7forwardIRPNSt10filesystem7__cxx114path5_List5_ImplEEOT_RNSt16remove_referenceIS7_E4typeE
symbol:_ZSt18__do_alloc_on_swapISaIcEEvRT_S2_St17integral_constantIbLb0EE
symbol:_ZSt20__throw_length_errorPKc@@GLIBCXX_3.4
symbol:_ZNSt10_Head_baseILm1ENSt10filesystem7__cxx114path5_List13_Impl_deleterELb1EE7_M_headERS5_
symbol:_ZNSt15__uniq_ptr_implINSt10filesystem7__cxx114path5_List5_ImplENS3_13_Impl_deleterEEC1IS5_EEPS4_OT_
symbol:memset@@GLIBC_2.2.5
symbol:__dso_handle
symbol:_ZNSaIcEC1ERKS_@@GLIBCXX_3.4
symbol:_ZNSt12_Vector_baseIcSaIcEE12_Vector_implC1Ev
symbol:_ZNSt10filesystem7__cxx114path5_ListD1Ev
symbol:_ZNSt10filesystem7__cxx114path14_S_range_beginIPKcEET_S5_
symbol:_ZNSt7__cxx1112basic_stringIcSt11char_traitsIcESaIcEEC1EOS4_@@GLIBCXX_3.4.21
symbol:_ZNSt7__cxx1112basic_stringIcSt11char_traitsIcESaIcEED1Ev@@GLIBCXX_3.4.21
symbol:_ZNKSt6vectorIcSaIcEE5beginEv
symbol:_ZNSt5tupleIJ8LocationNSt10filesystem7__cxx114pathES3_EEC2IJS0_S3_S3_ELb1EEEDpOT_
symbol:_ZNSt12_Vector_baseIcSaIcEE12_Vector_implD2Ev
symbol:_ZNSt10unique_ptrINSt10filesystem7__cxx114path5_List5_ImplENS3_13_Impl_deleterEEC2EOS6_
symbol:_ZNSt10filesystem7__cxx114pathC1IA4_cS1_EERKT_NS1_6formatE
symbol:DW.ref.__gxx_personality_v0
symbol:_ZSt3getILm0EJ8LocationNSt10filesystem7__cxx114pathES3_EEONSt13tuple_elementIXT_ESt5tupleIJDpT0_EEE4typeEOS8_
symbol:_ZSt25__uninitialized_default_nIPcmET_S1_T0_
symbol:_ZSt12__niter_baseIPKcSt6vectorIcSaIcEEET_N9__gnu_cxx17__normal_iteratorIS5_T0_EE
symbol:_ZNSt7__cxx1118basic_stringstreamIcSt11char_traitsIcESaIcEEC1Ev@@GLIBCXX_3.4.26
symbol:_ZNSt6vectorIcSaIcEEC2EmRKS0_
symbol:_fini
symbol:_ZNSt10filesystem7__cxx114pathC2IA6_cS1_EERKT_NS1_6formatE
symbol:open@@GLIBC_2.2.5
symbol:_ZNSt10filesystem7__cxx114pathC1IA6_cS1_EERKT_NS1_6formatE
symbol:_ZSt13__copy_move_aILb0EPKcPcET1_T0_S4_S3_
symbol:_ZNSt12_Vector_baseIcSaIcEED1Ev
symbol:_ZNSt11_Tuple_implILm0EJ8LocationNSt10filesystem7__cxx114pathES3_EED1Ev
symbol:_ZNSt6vectorIcSaIcEED2Ev
symbol:_ZNSt10filesystem7__cxx114path14_M_split_cmptsEv@@GLIBCXX_3.4.26
symbol:_ZNSt10filesystem7__cxx114pathC2ERKS1_
symbol:_ZNSt6vectorIcSaIcEEC2Ev
symbol:_ZNSt27__uninitialized_default_n_1ILb1EE18__uninit_default_nIPcmEET_S3_T0_
symbol:_ZNK9__gnu_cxx17__normal_iteratorIPcSt6vectorIcSaIcEEE4baseEv
symbol:_ZNSt12_Vector_baseIcSaIcEE17_M_create_storageEm
symbol:_ZN3ELFI10Elf64_Ehdr10Elf64_Phdr10Elf64_ShdrE9get_entryEv
symbol:_ZNSt10_Head_baseILm1ENSt10filesystem7__cxx114path5_List13_Impl_deleterELb1EEC1IS4_EEOT_
symbol:_ZNK9__gnu_cxx13new_allocatorIcE8max_sizeEv
symbol:system@@GLIBC_2.2.5
symbol:_ZNSt7__cxx1112basic_stringIcSt11char_traitsIcESaIcEEC2ISt17basic_string_viewIcS2_EvEERKT_RKS3_
symbol:__cxa_atexit@@GLIBC_2.2.5
symbol:_ZStlsIcSt11char_traitsIcESaIcEERSt13basic_ostreamIT_T0_ES7_RKNSt7__cxx1112basic_stringIS4_S5_T1_EE@@GLIBCXX_3.4.21
symbol:_ZSt12__miter_baseIN9__gnu_cxx17__normal_iteratorIPKcSt6vectorIcSaIcEEEEET_S8_
symbol:_ZNSt10filesystem7__cxx114pathC1EOS1_
symbol:_ZNSt7__cxx1118basic_stringstreamIcSt11char_traitsIcESaIcEED1Ev@@GLIBCXX_3.4.21
symbol:_ZSt3minImERKT_S2_S2_
symbol:_ZN9__gnu_cxx11char_traitsIcE2eqERKcS3_
symbol:_ZNSt10_Head_baseILm1ENSt10filesystem7__cxx114pathELb0EEC2IS2_EEOT_
symbol:_ZNSt11_Tuple_implILm2EJNSt10filesystem7__cxx114pathEEEC2IS2_EEOT_
symbol:_Z10parse_argsB5cxx11v
symbol:_ZdlPv@@GLIBCXX_3.4
symbol:_ZSt8__fill_aIcEN9__gnu_cxx11__enable_ifIXsrSt9__is_byteIT_E7__valueEvE6__typeEPS3_S7_RKS3_
symbol:_ZNSt12_Vector_baseIcSaIcEE17_Vector_impl_data12_M_swap_dataERS2_
symbol:_ZSt4moveIRNSt7__cxx1112basic_stringIcSt11char_traitsIcESaIcEEEEONSt16remove_referenceIT_E4typeEOS8_
symbol:_ZSt4swapIcSaIcEEvRSt6vectorIT_T0_ES5_
symbol:_ZSt12__niter_wrapIPcET_RKS1_S1_
symbol:_start
symbol:_ZNKSt7__cxx1118basic_stringstreamIcSt11char_traitsIcESaIcEE3strEv@@GLIBCXX_3.4.21
symbol:_ZSt12__get_helperILm0EPNSt10filesystem7__cxx114path5_List5_ImplEJNS3_13_Impl_deleterEEERT0_RSt11_Tuple_implIXT_EJS7_DpT1_EE
symbol:_ZNSt6vectorIcSaIcEE11_S_max_sizeERKS0_
symbol:_ZNSt10filesystem7__cxx114pathD2Ev
symbol:_ZStlsISt11char_traitsIcEERSt13basic_ostreamIcT_ES5_PKc@@GLIBCXX_3.4
symbol:_Znwm@@GLIBCXX_3.4
symbol:_ZN3ELFI10Elf64_Ehdr10Elf64_Phdr10Elf64_ShdrE6insertEPvRSt6vectorIcSaIcEERSt13basic_fstreamIcSt11char_traitsIcEE
symbol:_ZrsRSiSt6vectorIcSaIcEE
symbol:_ZNSt6vectorIcSaIcEEC1ERKS1_
symbol:_ZNSolsEPFRSoS_E@@GLIBCXX_3.4
symbol:_ZNSt11_Tuple_implILm1EJNSt10filesystem7__cxx114pathES2_EE7_M_headERS3_
symbol:_ZNKSt6vectorIcSaIcEE3endEv
symbol:_ZSt4moveIRPNSt10filesystem7__cxx114path5_List5_ImplEEONSt16remove_referenceIT_E4typeEOS8_
symbol:_ZNSt16allocator_traitsISaIcEE8max_sizeERKS0_
symbol:_ZN9__gnu_cxx11char_traitsIcE6lengthEPKc
symbol:_ZN9__gnu_cxx14__alloc_traitsISaIcEcE10_S_on_swapERS1_S3_
symbol:_ZNSaIcED1Ev@@GLIBCXX_3.4
symbol:_ZN9__gnu_cxx17__normal_iteratorIPcSt6vectorIcSaIcEEEC1ERKS1_
symbol:_ZNSt12_Vector_baseIcSaIcEE19_M_get_Tp_allocatorEv
symbol:_ZNSt4fposI11__mbstate_tEC2El
symbol:__stack_chk_fail@@GLIBC_2.4
symbol:_ZNSt20__uninitialized_copyILb1EE13__uninit_copyIN9__gnu_cxx17__normal_iteratorIPKcSt6vectorIcSaIcEEEEPcEET0_T_SC_SB_
symbol:_ZlsRSoSt6vectorIcSaIcEE
symbol:_ZNSt10filesystem7__cxx114pathC1ERKS1_
symbol:__TMC_END__
symbol:_ZNSt5tupleIJ8LocationNSt10filesystem7__cxx114pathES3_EED1Ev
symbol:_ZSt3getILm1EJ8LocationNSt10filesystem7__cxx114pathES3_EEONSt13tuple_elementIXT_ESt5tupleIJDpT0_EEE4typeEOS8_
symbol:_ZNSt11_Tuple_implILm0EJ8LocationNSt10filesystem7__cxx114pathES3_EED2Ev
symbol:_ZStlsISt11char_traitsIcEERSt13basic_ostreamIcT_ES5_c@@GLIBCXX_3.4
symbol:_ZNSt10_Head_baseILm1ENSt10filesystem7__cxx114pathELb0EED2Ev
symbol:_ZNSt11_Tuple_implILm0EJPNSt10filesystem7__cxx114path5_List5_ImplENS3_13_Impl_deleterEEE7_M_headERS7_
symbol:_ZNSt10_Head_baseILm2ENSt10filesystem7__cxx114pathELb0EED1Ev
symbol:_ZNSt16allocator_traitsISaIcEE10deallocateERS0_Pcm
symbol:exit@@GLIBC_2.2.5
symbol:_ZSt12__get_helperILm1ENSt10filesystem7__cxx114pathEJS2_EERT0_RSt11_Tuple_implIXT_EJS3_DpT1_EE
symbol:_ZNSt11_Tuple_implILm1EJNSt10filesystem7__cxx114pathES2_EEC2IS2_JS2_EvEEOT_DpOT0_
symbol:_ZNSt10_Head_baseILm1ENSt10filesystem7__cxx114path5_List13_Impl_deleterELb1EEC2IS4_EEOT_
symbol:_ZNSt10unique_ptrINSt10filesystem7__cxx114path5_List5_ImplENS3_13_Impl_deleterEE11get_deleterEv
symbol:_ZNSt10filesystem7__cxx114path5_ListD2Ev
symbol:_ZSt3getILm0EJ8LocationNSt10filesystem7__cxx114pathES3_EERNSt13tuple_elementIXT_ESt5tupleIJDpT0_EEE4typeERS8_
symbol:_ZSt3getILm2EJ8LocationNSt10filesystem7__cxx114pathES3_EERNSt13tuple_elementIXT_ESt5tupleIJDpT0_EEE4typeERS8_
symbol:_ZSt7forwardIONSt10filesystem7__cxx114pathEEOT_RNSt16remove_referenceIS4_E4typeE
symbol:_ZNKSt9basic_iosIcSt11char_traitsIcEEcvbEv@@GLIBCXX_3.4.21
symbol:_ZNSt11_Tuple_implILm0EJPNSt10filesystem7__cxx114path5_List5_ImplENS3_13_Impl_deleterEEEC1IRS5_JS6_EvEEOT_DpOT0_
symbol:_ZNSt17basic_string_viewIcSt11char_traitsIcEEC2EPKc
symbol:_ZNSi5seekgESt4fposI11__mbstate_tE@@GLIBCXX_3.4
symbol:_ZSt4cout@@GLIBCXX_3.4
symbol:_ZNSt10unique_ptrINSt10filesystem7__cxx114path5_List5_ImplENS3_13_Impl_deleterEEC1EOS6_
symbol:_ZNSt11_Tuple_implILm1EJNSt10filesystem7__cxx114pathES2_EED1Ev
symbol:_ZNSt12_Vector_baseIcSaIcEE12_Vector_implD1Ev
symbol:_ZNSt7__cxx1112basic_stringIcSt11char_traitsIcESaIcEE5clearEv@@GLIBCXX_3.4.21
symbol:_ZNSt16allocator_traitsISaIcEE8allocateERS0_m
symbol:_ZStrsIcSt11char_traitsIcEERSt13basic_istreamIT_T0_ES6_RS3_@@GLIBCXX_3.4
symbol:_ZNSt10_Head_baseILm0E8LocationLb0EE7_M_headERS1_
symbol:_ZNSt6vectorIcSaIcEE4swapERS1_
symbol:_ZNSt10filesystem9file_sizeERKNS_7__cxx114pathE@@GLIBCXX_3.4.26
symbol:_ZNSt13basic_fstreamIcSt11char_traitsIcEEC1EPKcSt13_Ios_Openmode@@GLIBCXX_3.4
symbol:_ZNSt17basic_string_viewIcSt11char_traitsIcEEC1EPKc
symbol:_ZSt12__get_helperILm1ENSt10filesystem7__cxx114path5_List13_Impl_deleterEJEERT0_RSt11_Tuple_implIXT_EJS5_DpT1_EE
symbol:_ZNSt6vectorIcSaIcEEC2ERKS1_
symbol:_ZNSt11_Tuple_implILm2EJNSt10filesystem7__cxx114pathEEE7_M_headERS3_
symbol:__data_start
symbol:_ZNSt10unique_ptrINSt10filesystem7__cxx114path5_List5_ImplENS3_13_Impl_deleterEE7releaseEv
symbol:_ZNSt10_Head_baseILm0EPNSt10filesystem7__cxx114path5_List5_ImplELb0EEC2IRS5_EEOT_
symbol:_end
symbol:_ZSt6fill_nIPcmcET_S1_T0_RKT1_
symbol:_ZSt3getILm1EJ8LocationNSt10filesystem7__cxx114pathES3_EERNSt13tuple_elementIXT_ESt5tupleIJDpT0_EEE4typeERS8_
symbol:_ZNSt6vectorIcSaIcEE17_S_check_init_lenEmRKS0_
symbol:_ZNSt10_Head_baseILm2ENSt10filesystem7__cxx114pathELb0EEC1IS2_EEOT_
symbol:_ZNSt10_Head_baseILm0EPNSt10filesystem7__cxx114path5_List5_ImplELb0EE7_M_headERS6_
symbol:_Z11insert_codePvRSt6vectorIcSaIcEERSt13basic_fstreamIcSt11char_traitsIcEES_8ExecType
symbol:_ZNSt5tupleIJPNSt10filesystem7__cxx114path5_List5_ImplENS3_13_Impl_deleterEEEC2IRS5_S6_Lb1EEEOT_OT0_
symbol:_ZNSt11_Tuple_implILm0EJ8LocationNSt10filesystem7__cxx114pathES3_EE7_M_headERS4_
symbol:_ZNSt12_Vector_baseIcSaIcEE17_Vector_impl_data12_M_copy_dataERKS2_
symbol:_ZNSaIcEC2ERKS_@@GLIBCXX_3.4
symbol:_ZNSt7__cxx1112basic_stringIcSt11char_traitsIcESaIcEE17_S_to_string_viewESt17basic_string_viewIcS2_E@@GLIBCXX_3.4.26
symbol:_ZNSt11_Tuple_implILm1EJNSt10filesystem7__cxx114path5_List13_Impl_deleterEEEC2IS4_EEOT_
symbol:_ZSt14__copy_move_a2ILb0EN9__gnu_cxx17__normal_iteratorIPKcSt6vectorIcSaIcEEEEPcET1_T0_SA_S9_
symbol:_ZNSt10_Head_baseILm0EPNSt10filesystem7__cxx114path5_List5_ImplELb0EEC1IRS5_EEOT_
symbol:_ZNKSt15__uniq_ptr_implINSt10filesystem7__cxx114path5_List5_ImplENS3_13_Impl_deleterEE6_M_ptrEv
symbol:__bss_start
symbol:_ZNSt12_Vector_baseIcSaIcEE11_M_allocateEm
symbol:_ZNSt5tupleIJ8LocationNSt10filesystem7__cxx114pathES3_EED2Ev
symbol:_ZNSt10_Head_baseILm0E8LocationLb0EEC2IS0_EEOT_
symbol:_ZNSt8ios_base4InitC1Ev@@GLIBCXX_3.4
symbol:_ZN9__gnu_cxx13new_allocatorIcE10deallocateEPcm
symbol:_ZN9__gnu_cxx17__normal_iteratorIPKcSt6vectorIcSaIcEEEC1ERKS2_
symbol:__libc_csu_init
symbol:_ZN9__gnu_cxx17__normal_iteratorIPKcSt6vectorIcSaIcEEEC2ERKS2_
symbol:_ZNSt11__copy_moveILb0ELb1ESt26random_access_iterator_tagE8__copy_mIcEEPT_PKS3_S6_S4_
symbol:_ZNSt10_Head_baseILm2ENSt10filesystem7__cxx114pathELb0EED2Ev
symbol:_ZNSt6vectorIcSaIcEEC1Ev
symbol:_ZSt22__uninitialized_copy_aIN9__gnu_cxx17__normal_iteratorIPKcSt6vectorIcSaIcEEEEPccET0_T_SA_S9_RSaIT1_E
symbol:_ZNSt12_Vector_baseIcSaIcEE12_Vector_implC2Ev
symbol:_Z12get_locationI3ELFI10Elf64_Ehdr10Elf64_Phdr10Elf64_ShdrEEPv8LocationT_
symbol:memmove@@GLIBC_2.2.5
symbol:_ZNSaIcEC2Ev@@GLIBCXX_3.4
symbol:_ZNSt11_Tuple_implILm1EJNSt10filesystem7__cxx114pathES2_EED2Ev
symbol:__gxx_personality_v0@@CXXABI_1.3
symbol:_ZNSt6vectorIcSaIcEE21_M_default_initializeEm
symbol:_ZNSt10filesystem7__cxx114pathC1IA10_cS1_EERKT_NS1_6formatE
symbol:_ZNSolsEt@@GLIBCXX_3.4
symbol:_ZNKSt10unique_ptrINSt10filesystem7__cxx114path5_List5_ImplENS3_13_Impl_deleterEE3getEv
symbol:_ZNSt12_Vector_baseIcSaIcEEC2Ev
symbol:_ZN9__gnu_cxx17__normal_iteratorIPcSt6vectorIcSaIcEEEppEv
symbol:_ZNSt4fposI11__mbstate_tEC1El
symbol:_ZNSt5tupleIJPNSt10filesystem7__cxx114path5_List5_ImplENS3_13_Impl_deleterEEEC1IRS5_S6_Lb1EEEOT_OT0_
symbol:_ZNSt10filesystem7__cxx114path12_S_range_endIPKcEENS1_17__null_terminatedET_
symbol:_ZNSt12_Vector_baseIcSaIcEE12_Vector_implC1ERKS0_
symbol:_ZNSt10_Head_baseILm1ENSt10filesystem7__cxx114pathELb0EE7_M_headERS3_
symbol:_ITM_deregisterTMCloneTable
symbol:_ZN9__gnu_cxx17__normal_iteratorIPcSt6vectorIcSaIcEEEC2ERKS1_
symbol:_ZNSt10_Head_baseILm1ENSt10filesystem7__cxx114pathELb0EEC1IS2_EEOT_
symbol:_Unwind_Resume@@GCC_3.0
symbol:_ZNSt10filesystem7__cxx114path5clearEv
symbol:_ZNSaIcEC1Ev@@GLIBCXX_3.4
symbol:_ZNSt10filesystem7__cxx114pathC2EOS1_
symbol:mmap@@GLIBC_2.2.5
symbol:_ZNSt12_Vector_baseIcSaIcEE17_Vector_impl_dataC2Ev
symbol:_ZSt27__uninitialized_default_n_aIPcmcET_S1_T0_RSaIT1_E
symbol:_ZSt7forwardINSt10filesystem7__cxx114path5_List13_Impl_deleterEEOT_RNSt16remove_referenceIS5_E4typeE
symbol:__libc_csu_fini
symbol:_ZStorSt13_Ios_OpenmodeS_
symbol:_ZNSt10filesystem7__cxx114pathD1Ev
symbol:_ZNSt10filesystem7__cxx114pathC2IA4_cS1_EERKT_NS1_6formatE
symbol:_ZNSt11_Tuple_implILm0EJPNSt10filesystem7__cxx114path5_List5_ImplENS3_13_Impl_deleterEEEC2IRS5_JS6_EvEEOT_DpOT0_
symbol:__libc_start_main@@GLIBC_2.2.5
symbol:_ZSt8_DestroyIPccEvT_S1_RSaIT0_E
symbol:_Z7opcodesIPvSt13basic_fstreamIcSt11char_traitsIcEEEvT_RSt6vectorIcSaIcEERT0_
symbol:_ZNSt11char_traitsIcE6lengthEPKc
symbol:_ZNSt10_Head_baseILm1ENSt10filesystem7__cxx114pathELb0EED1Ev
symbol:_ZNK9__gnu_cxx17__normal_iteratorIPKcSt6vectorIcSaIcEEE4baseEv
symbol:_ZNSt6vectorIcSaIcEEC1EmRKS0_
symbol:_ZNSt12_Vector_baseIcSaIcEED2Ev
symbol:__gmon_start__
symbol:_ZSt4moveIRNSt10filesystem7__cxx114path5_ListEEONSt16remove_referenceIT_E4typeEOS6_
symbol:_ZNSt7__cxx1112basic_stringIcSt11char_traitsIcESaIcEEC1ENS4_12__sv_wrapperERKS3_@@GLIBCXX_3.4.26
symbol:_ITM_registerTMCloneTable
symbol:_ZNSt15__uniq_ptr_implINSt10filesystem7__cxx114path5_List5_ImplENS3_13_Impl_deleterEEC2IS5_EEPS4_OT_
symbol:_ZNSt10filesystem7__cxx114path10_S_convertEPKcNS1_17__null_terminatedE
symbol:_ZSt4cerr@@GLIBCXX_3.4
symbol:_ZNSt16allocator_traitsISaIcEE37select_on_container_copy_constructionERKS0_
symbol:_ZNSt10filesystem7__cxx114path5_ListC1ERKS2_@@GLIBCXX_3.4.26
symbol:close@@GLIBC_2.2.5
symbol:_ZSt4copyIN9__gnu_cxx17__normal_iteratorIPKcSt6vectorIcSaIcEEEEPcET0_T_SA_S9_
symbol:_ZNSt10_Head_baseILm0EPNSt10filesystem7__cxx114path5_List5_ImplELb0EE7_M_headERKS6_
symbol:_ZSt3getILm0EJPNSt10filesystem7__cxx114path5_List5_ImplENS3_13_Impl_deleterEEERKNSt13tuple_elementIXT_ESt5tupleIJDpT0_EEE4typeERKSB_
symbol:_ZNSt8ios_base4InitD1Ev@@GLIBCXX_3.4
symbol:_ZSt12__get_helperILm0E8LocationJNSt10filesystem7__cxx114pathES3_EERT0_RSt11_Tuple_implIXT_EJS4_DpT1_EE
symbol:_ZNSt11_Tuple_implILm0EJ8LocationNSt10filesystem7__cxx114pathES3_EEC1IS0_JS3_S3_EvEEOT_DpOT0_
undefined
zdarov suka
working in: linux
main address:0x5627478ee7a0
zdarov suka
working in: linux
undefined
zdarov suka
working in: linux
main address:0x5564cb9657a0
zdarov suka
working in: linux
main address:0x555787e2a7a0
zdarov suka
working in: linux
main address:0x5564c60777a0
attaching to main
zdarov suka
working in: linux
parse_args address:0x5583b45b95c9
attaching to parse_args
undefined
zdarov suka
working in: linux
parse_args address:0x5572d44725c9
attaching to parse_args
undefined
zdarov suka
working in: linux
parse_args address:0x5603b35f05c9
attaching to parse_args
zdarov suka
working in: linux
parse_args address:0x55fb0eff75c9
attaching to parse_args
undefined
zdarov suka
working in: linux
parse_args address:0x55bfb5d935d9
attaching to parse_args
undefined
zdarov suka
working in: linux
parse_args address:0x562a610105d9
attaching to parse_args
undefined
zdarov suka
working in: linux
parse_args address:0x55bb7316f5d9
attaching to parse_args
undefined
zdarov suka
working in: linux
parse_args address:0x561fc5e135d9
attaching to parse_args
undefined
zdarov suka
working in: linux
undefined
zdarov suka
working in: linux
undefined
zdarov suka
working in: linux
undefined
zdarov suka
working in: linux
[object Object]
[object Object]
zdarov suka
working in: linux
attaching to parse_args
undefined
zdarov suka
working in: linux
attaching to parse_args
undefined
zdarov suka
attaching to parse_args
working in: linux
undefined
zdarov suka
working in: linux
attaching to parse_args
undefined
zdarov suka
working in: linux
attaching to parse_args
undefined
zdarov suka
working in: linux
parse_args: 96890x55c1e0e5b000
zdarov suka
working in: linux
base: 0x564a3614b000
parse_args: 96890x564a3614b000
zdarov suka
working in: linux
base: 94480329445376
parse_args: 94480329455065
zdarov suka
working in: linux
base: 94321425350656
undefined
zdarov suka
working in: linux
base: 94525318041600
zdarov suka
working in: linux
base: 93984903573504
zdarov suka
working in: linux
base: 94920005914624
undefined
zdarov suka
working in: linux
base: 94489526018048
pa: 94489526027737
undefined
zdarov suka
working in: linux
base: 94634828861440
pa: 94634828871129
zdarov suka
working in: linux
base: 94249431502848
pa: 94249431512537
zdarov suka
working in: linux
base: 94228620111872
pa: 94228620121561
zdarov suka
working in: linux
base: 94233556226048
pa: 94233556235737
zdarov suka
working in: linux
base: 94873439760384
pa: 94873439770073
zdarov suka
working in: linux
base: 93829356756992
pa: 93829356766681
zdarov suka
working in: linux
base: 93826179239936
pa: 93826179249625
zdarov suka
working in: linux
base: 94459807576064
pa: 94459807585753
zdarov suka
working in: linux
base: 94680874110976
pa: 94680874120665
zdarov suka
working in: linux
base: 94848967135232
pa: 94848967144921
zdarov suka
working in: linux
base: 94346109698048
pa: 94346109707737
ptr: 0x55ceaa5ae5d9
zdarov suka
working in: linux
base: 94573068492800
pa: 94573068502489
ptr: 0x5603822745d9
zdarov suka
working in: linux
base: 94419947745280
pa: 94419947754969
ptr: 0x55dfdb7215d9
zdarov suka
working in: linux
base: 94356212527104
pa: 94356212537152
ptr: 0x55d10487d740
zdarov suka
working in: linux
base: 0x557977231000
pa: 0x5579772335d9
zdarov suka
working in: linux
base: 0x555557220000
pa: 0x5555572225d9
zdarov suka
working in: linux
base: 0x55805c0af000
pa: 0x55805c0b15d9
zdarov suka
working in: linux
base: 0x564b94f53000
pa: 0x564b94f555d9
zdarov suka
working in: linux
base: 0x5574f9dd2000
pa: 0x5574f9dd45d9
zdarov suka
working in: linux
base: 0x55cd8d53f000
pa: 0x55cd8d5415d9
zdarov suka
working in: linux
base: 0x55aef58ac000
pa: 0x55aef58ae5d9
zdarov suka
working in: linux
base: 0x55b32a420000
pa: 0x55b32a4225d9
0x7f63dd9111c0
zdarov suka
working in: linux
base: 0x5608353f3000
pa: 0x5608353f55d9
0x7fdafdf011c0
zdarov suka
working in: linux
base: 0x55df87d39000
pa: 0x55df87d3b5d9
0x7fb3032d41c0
zdarov suka
working in: linux
base: 0x560b1afa3000
pa: 0x560b1afa55d9
0x7f9e73e9c1c0
zdarov suka
working in: linux
base: 0x5646d142b000
pa: 0x5646d142d5d9
0x7f2a818cf1c0
zdarov suka
working in: linux
base: 0x56053f412000
pa: 0x56053f4145d9
0x7fed763ce1c0
zdarov suka
working in: linux
base: 0x55eea31eb000
pa: 0x55eea31ed5d9
0x7f0e6ac021c0
zdarov suka
working in: linux
base: 0x563d858cd000
0x7ff97dc901c0
pa: 0x563d858cf5d9
zdarov suka
working in: linux
base: 0x55bcd4cbc000
pa: 0x55bcd4cbe5d9
0x7fa4bfe3f1c0
zdarov suka
working in: linux
base: 0x55fd4b112000
pa: 0x55fd4b1145d9
0x7fb1bf6cb1c0
zdarov suka
working in: linux
base: 0x55b21e9cc000
pa: 0x55b21e9ce5d9
0x7f836bbac1c0
